_id,entity,name,date,request,action,result,__v
5535c8d48658340c0a000022,object spark,5,Tue Apr 21 2015 06:49:40 GMT+0000 (UTC),/objectOn/5/1429595757,objectOn,object on,0
5535c90c8658340c0a000023,object spark,3,Tue Apr 21 2015 06:50:36 GMT+0000 (UTC),/objectOn/3/1429595812,objectOn,object on,0
5535c9928658340c0a000027,object spark,6,Tue Apr 21 2015 06:52:50 GMT+0000 (UTC),/objectOn/6/1429595947,objectOn,object on,0
5535c9ac8658340c0a000028,object spark,2,Tue Apr 21 2015 06:53:16 GMT+0000 (UTC),/objectOn/2/1429595973,objectOn,object on,0
5535c9c08658340c0a00002a,object spark,6,Tue Apr 21 2015 06:53:36 GMT+0000 (UTC),/objectOn/6/1429595993,objectOn,object on,0
5535c9d18658340c0a00002c,object spark,1,Tue Apr 21 2015 06:53:53 GMT+0000 (UTC),/objectOn/1/1429596012,objectOn,object on,0
5535c9d68658340c0a00002d,object spark,1,Tue Apr 21 2015 06:53:58 GMT+0000 (UTC),/objectOn/1/1429596017,objectOn,object on,0
5535cb658658340c0a000031,object spark,6,Tue Apr 21 2015 07:00:37 GMT+0000 (UTC),/objectOn/6/1429596415,objectOn,object on,0
5535cb938658340c0a000032,object spark,6,Tue Apr 21 2015 07:01:23 GMT+0000 (UTC),/objectOn/6/1429596461,objectOn,object on,0
5535cb948658340c0a000033,object spark,1,Tue Apr 21 2015 07:01:24 GMT+0000 (UTC),/objectOn/1/1429596461,objectOn,object on,0
5535cb978658340c0a000034,object spark,6,Tue Apr 21 2015 07:01:27 GMT+0000 (UTC),/objectOn/6/1429596466,objectOn,object on,0
5535cbd08658340c0a000036,object spark,6,Tue Apr 21 2015 07:02:24 GMT+0000 (UTC),/objectOn/6/1429596522,objectOn,object on,0
5535cc088658340c0a000037,object spark,6,Tue Apr 21 2015 07:03:20 GMT+0000 (UTC),/objectOn/6/1429596577,objectOn,object on,0
5535ccdd8658340c0a00003b,object spark,4,Tue Apr 21 2015 07:06:53 GMT+0000 (UTC),/objectOn/4/1429596790,objectOn,object on,0
5535cd078658340c0a00003c,object spark,4,Tue Apr 21 2015 07:07:35 GMT+0000 (UTC),/objectOn/4/1429596830,objectOn,object on,0
5535cd0a8658340c0a00003d,object spark,4,Tue Apr 21 2015 07:07:38 GMT+0000 (UTC),/objectOn/4/1429596835,objectOn,object on,0
5535ceec8658340c0a00003f,object spark,4,Tue Apr 21 2015 07:15:40 GMT+0000 (UTC),/objectOn/4/1429597317,objectOn,object on,0
5535cf0a8658340c0a000040,object spark,4,Tue Apr 21 2015 07:16:10 GMT+0000 (UTC),/objectOn/4/1429597347,objectOn,object on,0
5535cf388658340c0a000041,object spark,4,Tue Apr 21 2015 07:16:56 GMT+0000 (UTC),/objectOn/4/1429597393,objectOn,object on,0
5535cf6e8658340c0a000042,object spark,4,Tue Apr 21 2015 07:17:50 GMT+0000 (UTC),/objectOn/4/1429597449,objectOn,object on,0
55371ea98658340c0a000051,object spark,2,Wed Apr 22 2015 07:08:09 GMT+0000 (UTC),/objectOn/2/1429683268,objectOn,object on,0
55371eae8658340c0a000052,object spark,2,Wed Apr 22 2015 07:08:14 GMT+0000 (UTC),/objectOn/2/1429683273,objectOn,object on,0
55371ff08658340c0a000054,object spark,1,Wed Apr 22 2015 07:13:36 GMT+0000 (UTC),/objectOn/1/1429683596,objectOn,object on,0
5537201e8658340c0a000056,object spark,1,Wed Apr 22 2015 07:14:22 GMT+0000 (UTC),/objectOn/1/1429683643,objectOn,object on,0
553720258658340c0a000058,object spark,5,Wed Apr 22 2015 07:14:29 GMT+0000 (UTC),/objectOn/5/1429683649,objectOn,object on,0
5537226a8658340c0a00005c,object spark,4,Wed Apr 22 2015 07:24:10 GMT+0000 (UTC),/objectOn/4/1429684229,objectOn,object on,0
553722e88658340c0a00005d,object spark,4,Wed Apr 22 2015 07:26:16 GMT+0000 (UTC),/objectOn/4/1429684355,objectOn,object on,0
5537232a8658340c0a00005e,object spark,4,Wed Apr 22 2015 07:27:22 GMT+0000 (UTC),/objectOn/4/1429684421,objectOn,object on,0
553723468658340c0a00005f,object spark,6,Wed Apr 22 2015 07:27:50 GMT+0000 (UTC),/objectOn/6/1429684449,objectOn,object on,0
553723578658340c0a000060,object spark,4,Wed Apr 22 2015 07:28:07 GMT+0000 (UTC),/objectOn/4/1429684467,objectOn,object on,0
5537235c8658340c0a000061,object spark,4,Wed Apr 22 2015 07:28:12 GMT+0000 (UTC),/objectOn/4/1429684472,objectOn,object on,0
553723728658340c0a000063,object spark,6,Wed Apr 22 2015 07:28:34 GMT+0000 (UTC),/objectOn/6/1429684493,objectOn,object on,0
553723988658340c0a000064,object spark,6,Wed Apr 22 2015 07:29:12 GMT+0000 (UTC),/objectOn/6/1429684531,objectOn,object on,0
553723fe8658340c0a000065,object spark,6,Wed Apr 22 2015 07:30:54 GMT+0000 (UTC),/objectOn/6/1429684633,objectOn,object on,0
5537243a8658340c0a000066,object spark,6,Wed Apr 22 2015 07:31:54 GMT+0000 (UTC),/objectOn/6/1429684693,objectOn,object on,0
553724688658340c0a000067,object spark,6,Wed Apr 22 2015 07:32:40 GMT+0000 (UTC),/objectOn/6/1429684740,objectOn,object on,0
5539c2f58658340c0a00007c,object spark,3,Fri Apr 24 2015 07:13:41 GMT+0000 (UTC),/objectOn/3/1429856403,objectOn,object on,0
5539c3288658340c0a00007d,object spark,3,Fri Apr 24 2015 07:14:32 GMT+0000 (UTC),/objectOn/3/1429856454,objectOn,object on,0
5539c32c8658340c0a00007e,object spark,3,Fri Apr 24 2015 07:14:36 GMT+0000 (UTC),/objectOn/3/1429856459,objectOn,object on,0
5539c3318658340c0a00007f,object spark,3,Fri Apr 24 2015 07:14:41 GMT+0000 (UTC),/objectOn/3/1429856464,objectOn,object on,0
5539c3478658340c0a000080,object spark,3,Fri Apr 24 2015 07:15:03 GMT+0000 (UTC),/objectOn/3/1429856485,objectOn,object on,0
5539c4b18658340c0a000083,object spark,6,Fri Apr 24 2015 07:21:05 GMT+0000 (UTC),/objectOn/6/1429856847,objectOn,object on,0
5539c5d68658340c0a000087,object spark,2,Fri Apr 24 2015 07:25:58 GMT+0000 (UTC),/objectOn/2/1429857140,objectOn,object on,0
5539c6278658340c0a000088,object spark,2,Fri Apr 24 2015 07:27:19 GMT+0000 (UTC),/objectOn/2/1429857221,objectOn,object on,0
5539c6488658340c0a000089,object spark,2,Fri Apr 24 2015 07:27:52 GMT+0000 (UTC),/objectOn/2/1429857254,objectOn,object on,0
5539c78a8658340c0a00008b,object spark,5,Fri Apr 24 2015 07:33:14 GMT+0000 (UTC),/objectOn/5/1429857576,objectOn,object on,0
5539c9838658340c0a00008f,object spark,1,Fri Apr 24 2015 07:41:39 GMT+0000 (UTC),/objectOn/1/1429858081,objectOn,object on,0
5539c9fe8658340c0a000097,object spark,4,Fri Apr 24 2015 07:43:42 GMT+0000 (UTC),/objectOn/4/1429858204,objectOn,object on,0
553c82ef8658340c0a000098,object spark,3,Sun Apr 26 2015 09:17:19 GMT+0000 (UTC),/objectOn/3/1430036625,objectOn,object on,0
553c83658658340c0a000099,object spark,3,Sun Apr 26 2015 09:19:17 GMT+0000 (UTC),/objectOn/3/1430036743,objectOn,object on,0
553c853b8658340c0a0000a3,object spark,3,Sun Apr 26 2015 09:27:07 GMT+0000 (UTC),/objectOn/3/1430037213,objectOn,object on,0
553c87ef8658340c0a0000a8,object spark,3,Sun Apr 26 2015 09:38:39 GMT+0000 (UTC),/objectOn/3/1430037904,objectOn,object on,0
553c886f8658340c0a0000a9,object spark,3,Sun Apr 26 2015 09:40:47 GMT+0000 (UTC),/objectOn/3/1430038033,objectOn,object on,0
553c8a358658340c0a0000b2,object spark,3,Sun Apr 26 2015 09:48:21 GMT+0000 (UTC),/objectOn/3/1430038486,objectOn,object on,0
553c8b6b8658340c0a0000bc,object spark,3,Sun Apr 26 2015 09:53:31 GMT+0000 (UTC),/objectOn/3/1430038796,objectOn,object on,0
553c8b9a8658340c0a0000bd,object spark,3,Sun Apr 26 2015 09:54:18 GMT+0000 (UTC),/objectOn/3/1430038845,objectOn,object on,0
553c8bda8658340c0a0000bf,object spark,3,Sun Apr 26 2015 09:55:22 GMT+0000 (UTC),/objectOn/3/1430038907,objectOn,object on,0
553c8c028658340c0a0000c3,object spark,3,Sun Apr 26 2015 09:56:02 GMT+0000 (UTC),/objectOn/3/1430038947,objectOn,object on,0
553c8cd78658340c0a0000cf,object spark,3,Sun Apr 26 2015 09:59:35 GMT+0000 (UTC),/objectOn/3/1430039160,objectOn,object on,0
553c8d858658340c0a0000d3,object spark,3,Sun Apr 26 2015 10:02:29 GMT+0000 (UTC),/objectOn/3/1430039334,objectOn,object on,0
553c8dfd8658340c0a0000d4,object spark,3,Sun Apr 26 2015 10:04:29 GMT+0000 (UTC),/objectOn/3/1430039455,objectOn,object on,0
553c8e028658340c0a0000d5,object spark,3,Sun Apr 26 2015 10:04:34 GMT+0000 (UTC),/objectOn/3/1430039460,objectOn,object on,0
553c8e078658340c0a0000d6,object spark,3,Sun Apr 26 2015 10:04:39 GMT+0000 (UTC),/objectOn/3/1430039465,objectOn,object on,0
553c9a7991c1fc3a59000001,object spark,3,Sun Apr 26 2015 10:57:45 GMT+0000 (UTC),/objectOn/3/1430042651,objectOn,object on,0
553c9d427d33e5a959000001,object spark,3,Sun Apr 26 2015 11:09:38 GMT+0000 (UTC),/objectOn/3/1430043363,objectOn,object on,0
553c9d467d33e5a959000002,object spark,3,Sun Apr 26 2015 11:09:42 GMT+0000 (UTC),/objectOn/3/1430043368,objectOn,object on,0
553c9e5b762c89ba59000001,object spark,3,Sun Apr 26 2015 11:14:19 GMT+0000 (UTC),/objectOn/3/1430043645,objectOn,object on,0
553c9e60762c89ba59000002,object spark,3,Sun Apr 26 2015 11:14:24 GMT+0000 (UTC),/objectOn/3/1430043650,objectOn,object on,0
553c9ea0762c89ba59000004,object spark,3,Sun Apr 26 2015 11:15:28 GMT+0000 (UTC),/objectOn/3/1430043715,objectOn,object on,0
553c9ee1762c89ba59000005,object spark,3,Sun Apr 26 2015 11:16:33 GMT+0000 (UTC),/objectOn/3/1430043779,objectOn,object on,0
553c9fa0762c89ba59000006,object spark,3,Sun Apr 26 2015 11:19:44 GMT+0000 (UTC),/objectOn/3/1430043969,objectOn,object on,0
553c9ff6762c89ba59000007,object spark,3,Sun Apr 26 2015 11:21:10 GMT+0000 (UTC),/objectOn/3/1430044056,objectOn,object on,0
553ca00c762c89ba59000008,object spark,3,Sun Apr 26 2015 11:21:32 GMT+0000 (UTC),/objectOn/3/1430044077,objectOn,object on,0
553ca081762c89ba59000009,object spark,3,Sun Apr 26 2015 11:23:29 GMT+0000 (UTC),/objectOn/3/1430044194,objectOn,object on,0
553ca0c4762c89ba5900000c,object spark,3,Sun Apr 26 2015 11:24:36 GMT+0000 (UTC),/objectOn/3/1430044258,objectOn,object on,0
553ca0ef762c89ba5900000d,object spark,3,Sun Apr 26 2015 11:25:19 GMT+0000 (UTC),/objectOn/3/1430044305,objectOn,object on,0
553ca11c762c89ba5900000e,object spark,3,Sun Apr 26 2015 11:26:04 GMT+0000 (UTC),/objectOn/3/1430044351,objectOn,object on,0
553ca14a762c89ba5900000f,object spark,3,Sun Apr 26 2015 11:26:50 GMT+0000 (UTC),/objectOn/3/1430044397,objectOn,object on,0
553ca215762c89ba59000011,object spark,3,Sun Apr 26 2015 11:30:13 GMT+0000 (UTC),/objectOn/3/1430044597,objectOn,object on,0
553ca241762c89ba59000012,object spark,3,Sun Apr 26 2015 11:30:57 GMT+0000 (UTC),/objectOn/3/1430044644,objectOn,object on,0
553ca2e2762c89ba59000013,object spark,3,Sun Apr 26 2015 11:33:38 GMT+0000 (UTC),/objectOn/3/1430044804,objectOn,object on,0
553ca2e7762c89ba59000014,object spark,3,Sun Apr 26 2015 11:33:43 GMT+0000 (UTC),/objectOn/3/1430044810,objectOn,object on,0
553ca2ed762c89ba59000015,object spark,3,Sun Apr 26 2015 11:33:49 GMT+0000 (UTC),/objectOn/3/1430044815,objectOn,object on,0
553ca2f1762c89ba59000016,object spark,3,Sun Apr 26 2015 11:33:53 GMT+0000 (UTC),/objectOn/3/1430044820,objectOn,object on,0
553ca349762c89ba5900001e,object spark,3,Sun Apr 26 2015 11:35:21 GMT+0000 (UTC),/objectOn/3/1430044907,objectOn,object on,0
553ca624762c89ba5900001f,object spark,3,Sun Apr 26 2015 11:47:32 GMT+0000 (UTC),/objectOn/3/1430045639,objectOn,object on,0
553ca7b1762c89ba59000023,object spark,3,Sun Apr 26 2015 11:54:09 GMT+0000 (UTC),/objectOn/3/1430046031,objectOn,object on,0
553ca7e9762c89ba59000024,object spark,3,Sun Apr 26 2015 11:55:05 GMT+0000 (UTC),/objectOn/3/1430046091,objectOn,object on,0
553ca85a762c89ba59000025,object spark,3,Sun Apr 26 2015 11:56:58 GMT+0000 (UTC),/objectOn/3/1430046205,objectOn,object on,0
553ca8c8762c89ba59000026,object spark,3,Sun Apr 26 2015 11:58:48 GMT+0000 (UTC),/objectOn/3/1430046312,objectOn,object on,0
553db2a2762c89ba5900003d,object spark,1,Mon Apr 27 2015 06:53:06 GMT+0000 (UTC),/objectOn/1/1430114373,objectOn,object on,0
553db2a7762c89ba5900003e,object spark,1,Mon Apr 27 2015 06:53:11 GMT+0000 (UTC),/objectOn/1/1430114378,objectOn,object on,0
553db2a8762c89ba5900003f,object spark,2,Mon Apr 27 2015 06:53:12 GMT+0000 (UTC),/objectOn/2/1430114379,objectOn,object on,0
553db2c8762c89ba59000042,object spark,3,Mon Apr 27 2015 06:53:44 GMT+0000 (UTC),/objectOn/3/1430114411,objectOn,object on,0
553db2cd762c89ba59000043,object spark,3,Mon Apr 27 2015 06:53:49 GMT+0000 (UTC),/objectOn/3/1430114416,objectOn,object on,0
553db2cd762c89ba59000044,object spark,4,Mon Apr 27 2015 06:53:49 GMT+0000 (UTC),/objectOn/4/1430114417,objectOn,object on,0
553db2d8762c89ba59000047,object spark,5,Mon Apr 27 2015 06:54:00 GMT+0000 (UTC),/objectOn/5/1430114428,objectOn,object on,0
553db2dd762c89ba59000048,object spark,5,Mon Apr 27 2015 06:54:05 GMT+0000 (UTC),/objectOn/5/1430114433,objectOn,object on,0
553dbc9f762c89ba59000058,object spark,1,Mon Apr 27 2015 07:35:43 GMT+0000 (UTC),/objectOn/1/1430116931,objectOn,object on,0
553dbca3762c89ba59000059,object spark,2,Mon Apr 27 2015 07:35:47 GMT+0000 (UTC),/objectOn/2/1430116934,objectOn,object on,0
553dbca8762c89ba5900005c,object spark,3,Mon Apr 27 2015 07:35:52 GMT+0000 (UTC),/objectOn/3/1430116940,objectOn,object on,0
553dbcb0762c89ba5900005e,object spark,4,Mon Apr 27 2015 07:36:00 GMT+0000 (UTC),/objectOn/4/1430116947,objectOn,object on,0
553dbcb2762c89ba5900005f,object spark,5,Mon Apr 27 2015 07:36:02 GMT+0000 (UTC),/objectOn/5/1430116949,objectOn,object on,0
553dbcb5762c89ba59000060,object spark,4,Mon Apr 27 2015 07:36:05 GMT+0000 (UTC),/objectOn/4/1430116952,objectOn,object on,0
553dbcb7762c89ba59000061,object spark,5,Mon Apr 27 2015 07:36:07 GMT+0000 (UTC),/objectOn/5/1430116954,objectOn,object on,0
553dc169762c89ba5900006b,object spark,1,Mon Apr 27 2015 07:56:09 GMT+0000 (UTC),/objectOn/1/1430118157,objectOn,object on,0
553dc172762c89ba5900006c,object spark,2,Mon Apr 27 2015 07:56:18 GMT+0000 (UTC),/objectOn/2/1430118165,objectOn,object on,0
553dc177762c89ba5900006d,object spark,2,Mon Apr 27 2015 07:56:23 GMT+0000 (UTC),/objectOn/2/1430118170,objectOn,object on,0
553dc177762c89ba5900006e,object spark,3,Mon Apr 27 2015 07:56:23 GMT+0000 (UTC),/objectOn/3/1430118171,objectOn,object on,0
553dc182762c89ba59000071,object spark,4,Mon Apr 27 2015 07:56:34 GMT+0000 (UTC),/objectOn/4/1430118182,objectOn,object on,0
553dc195762c89ba59000074,object spark,1,Mon Apr 27 2015 07:56:53 GMT+0000 (UTC),/objectOn/1/1430118202,objectOn,object on,0
553dc256762c89ba5900007c,object spark,1,Mon Apr 27 2015 08:00:06 GMT+0000 (UTC),/objectOn/1/1430118393,objectOn,object on,0
553dc322762c89ba59000080,object spark,2,Mon Apr 27 2015 08:03:30 GMT+0000 (UTC),/objectOn/2/1430118598,objectOn,object on,0
553dc352762c89ba59000081,object spark,2,Mon Apr 27 2015 08:04:18 GMT+0000 (UTC),/objectOn/2/1430118645,objectOn,object on,0
553dc3ac762c89ba59000084,object spark,3,Mon Apr 27 2015 08:05:48 GMT+0000 (UTC),/objectOn/3/1430118736,objectOn,object on,0
553dc3b1762c89ba59000085,object spark,3,Mon Apr 27 2015 08:05:53 GMT+0000 (UTC),/objectOn/3/1430118741,objectOn,object on,0
553dc478762c89ba59000089,object spark,4,Mon Apr 27 2015 08:09:12 GMT+0000 (UTC),/objectOn/4/1430118938,objectOn,object on,0
553dc4a6762c89ba5900008a,object spark,4,Mon Apr 27 2015 08:09:58 GMT+0000 (UTC),/objectOn/4/1430118986,objectOn,object on,0
553dca34762c89ba5900008d,object spark,5,Mon Apr 27 2015 08:33:40 GMT+0000 (UTC),/objectOn/5/1430120408,objectOn,object on,0
553dca3b762c89ba5900008e,object spark,1,Mon Apr 27 2015 08:33:47 GMT+0000 (UTC),/objectOn/1/1430120414,objectOn,object on,0
553dcbde762c89ba5900008f,object spark,1,Mon Apr 27 2015 08:40:46 GMT+0000 (UTC),/objectOn/1/1430120834,objectOn,object on,0
553dcc0d762c89ba59000090,object spark,1,Mon Apr 27 2015 08:41:33 GMT+0000 (UTC),/objectOn/1/1430120881,objectOn,object on,0
553dcc3a762c89ba59000091,object spark,1,Mon Apr 27 2015 08:42:18 GMT+0000 (UTC),/objectOn/1/1430120926,objectOn,object on,0
553dcc6a762c89ba59000092,object spark,1,Mon Apr 27 2015 08:43:06 GMT+0000 (UTC),/objectOn/1/1430120974,objectOn,object on,0
553dcc6f762c89ba59000093,object spark,1,Mon Apr 27 2015 08:43:11 GMT+0000 (UTC),/objectOn/1/1430120979,objectOn,object on,0
553dcc73762c89ba59000094,object spark,1,Mon Apr 27 2015 08:43:15 GMT+0000 (UTC),/objectOn/1/1430120984,objectOn,object on,0
553ddeb8762c89ba59000096,object spark,2,Mon Apr 27 2015 10:01:12 GMT+0000 (UTC),/objectOn/2/1430125660,objectOn,object on,0
553ddebc762c89ba59000097,object spark,1,Mon Apr 27 2015 10:01:16 GMT+0000 (UTC),/objectOn/1/1430125664,objectOn,object on,0
553ddec2762c89ba5900009a,object spark,3,Mon Apr 27 2015 10:01:22 GMT+0000 (UTC),/objectOn/3/1430125670,objectOn,object on,0
553ddec7762c89ba5900009c,object spark,4,Mon Apr 27 2015 10:01:27 GMT+0000 (UTC),/objectOn/4/1430125675,objectOn,object on,0
553ddecb762c89ba5900009e,object spark,5,Mon Apr 27 2015 10:01:31 GMT+0000 (UTC),/objectOn/5/1430125679,objectOn,object on,0
553ddf45762c89ba590000a8,object spark,2,Mon Apr 27 2015 10:03:33 GMT+0000 (UTC),/objectOn/2/1430125800,objectOn,object on,0
553ddf4a762c89ba590000a9,object spark,2,Mon Apr 27 2015 10:03:38 GMT+0000 (UTC),/objectOn/2/1430125805,objectOn,object on,0
553ddf7a762c89ba590000aa,object spark,2,Mon Apr 27 2015 10:04:26 GMT+0000 (UTC),/objectOn/2/1430125851,objectOn,object on,0
553ddfa6762c89ba590000ab,object spark,2,Mon Apr 27 2015 10:05:10 GMT+0000 (UTC),/objectOn/2/1430125897,objectOn,object on,0
553ddfd3762c89ba590000ac,object spark,2,Mon Apr 27 2015 10:05:55 GMT+0000 (UTC),/objectOn/2/1430125944,objectOn,object on,0
553ddfd8762c89ba590000ad,object spark,2,Mon Apr 27 2015 10:06:00 GMT+0000 (UTC),/objectOn/2/1430125949,objectOn,object on,0
553de1bf762c89ba590000b0,object spark,2,Mon Apr 27 2015 10:14:07 GMT+0000 (UTC),/objectOn/2/1430126434,objectOn,object on,0
553ef63a762c89ba590000b1,object spark,3,Tue Apr 28 2015 05:53:46 GMT+0000 (UTC),/objectOn/3/1430197215,objectOn,object on,0
553ef651762c89ba590000b2,object spark,3,Tue Apr 28 2015 05:54:09 GMT+0000 (UTC),/objectOn/3/1430197239,objectOn,object on,0
553ef6b9762c89ba590000b4,object spark,1,Tue Apr 28 2015 05:55:53 GMT+0000 (UTC),/objectOn/1/1430197320,objectOn,object on,0
553ef6b9762c89ba590000b5,object spark,2,Tue Apr 28 2015 05:55:53 GMT+0000 (UTC),/objectOn/2/1430197320,objectOn,object on,0
553ef6bd762c89ba590000b6,object spark,5,Tue Apr 28 2015 05:55:57 GMT+0000 (UTC),/objectOn/5/1430197331,objectOn,object on,0
553ef6bd762c89ba590000b7,object spark,4,Tue Apr 28 2015 05:55:57 GMT+0000 (UTC),/objectOn/4/1430197331,objectOn,object on,0
553ef6e3762c89ba590000b8,object spark,1,Tue Apr 28 2015 05:56:35 GMT+0000 (UTC),/objectOn/1/1430197384,objectOn,object on,0
553ef6e6762c89ba590000b9,object spark,5,Tue Apr 28 2015 05:56:38 GMT+0000 (UTC),/objectOn/5/1430197387,objectOn,object on,0
553ef6ea762c89ba590000bb,object spark,4,Tue Apr 28 2015 05:56:42 GMT+0000 (UTC),/objectOn/4/1430197391,objectOn,object on,0
553ef86c762c89ba590000bf,object spark,2,Tue Apr 28 2015 06:03:08 GMT+0000 (UTC),/objectOn/2/1430197745,objectOn,object on,0
553ef92d762c89ba590000c0,object spark,2,Tue Apr 28 2015 06:06:21 GMT+0000 (UTC),/objectOn/2/1430197939,objectOn,object on,0
553ef95a762c89ba590000c1,object spark,2,Tue Apr 28 2015 06:07:06 GMT+0000 (UTC),/objectOn/2/1430197998,objectOn,object on,0
553efa08762c89ba590000c2,object spark,2,Tue Apr 28 2015 06:10:00 GMT+0000 (UTC),/objectOn/2/1430198169,objectOn,object on,0
553efbb7762c89ba590000c3,object spark,2,Tue Apr 28 2015 06:17:11 GMT+0000 (UTC),/objectOn/2/1430198598,objectOn,object on,0
553efbf1762c89ba590000c4,object spark,2,Tue Apr 28 2015 06:18:09 GMT+0000 (UTC),/objectOn/2/1430198647,objectOn,object on,0
553efc56762c89ba590000c5,object spark,2,Tue Apr 28 2015 06:19:50 GMT+0000 (UTC),/objectOn/2/1430198777,objectOn,object on,0
553efe31762c89ba590000c6,object spark,2,Tue Apr 28 2015 06:27:45 GMT+0000 (UTC),/objectOn/2/1430199239,objectOn,object on,0
553efef6762c89ba590000c8,object spark,2,Tue Apr 28 2015 06:31:02 GMT+0000 (UTC),/objectOn/2/1430199430,objectOn,object on,0
553eff17762c89ba590000c9,object spark,2,Tue Apr 28 2015 06:31:35 GMT+0000 (UTC),/objectOn/2/1430199462,objectOn,object on,0
553f007d762c89ba590000ca,object spark,2,Tue Apr 28 2015 06:37:33 GMT+0000 (UTC),/objectOn/2/1430199822,objectOn,object on,0
553f0130762c89ba590000cd,object spark,2,Tue Apr 28 2015 06:40:32 GMT+0000 (UTC),/objectOn/2/1430200013,objectOn,object on,0
553f0163762c89ba590000ce,object spark,2,Tue Apr 28 2015 06:41:23 GMT+0000 (UTC),/objectOn/2/1430200072,objectOn,object on,0
553f01d4762c89ba590000d0,object spark,2,Tue Apr 28 2015 06:43:16 GMT+0000 (UTC),/objectOn/2/1430200168,objectOn,object on,0
553f0211762c89ba590000d1,object spark,2,Tue Apr 28 2015 06:44:17 GMT+0000 (UTC),/objectOn/2/1430200230,objectOn,object on,0
553f025c762c89ba590000d2,object spark,2,Tue Apr 28 2015 06:45:32 GMT+0000 (UTC),/objectOn/2/1430200290,objectOn,object on,0
553f02e1762c89ba590000d4,object spark,2,Tue Apr 28 2015 06:47:45 GMT+0000 (UTC),/objectOn/2/1430200453,objectOn,object on,0
553f02fa762c89ba590000d5,object spark,2,Tue Apr 28 2015 06:48:10 GMT+0000 (UTC),/objectOn/2/1430200458,objectOn,object on,0
553f0334762c89ba590000d6,object spark,2,Tue Apr 28 2015 06:49:08 GMT+0000 (UTC),/objectOn/2/1430200522,objectOn,object on,0
553f0369762c89ba590000d7,object spark,2,Tue Apr 28 2015 06:50:01 GMT+0000 (UTC),/objectOn/2/1430200583,objectOn,object on,0
553f0397762c89ba590000d8,object spark,2,Tue Apr 28 2015 06:50:47 GMT+0000 (UTC),/objectOn/2/1430200632,objectOn,object on,0
553f03c3762c89ba590000d9,object spark,2,Tue Apr 28 2015 06:51:31 GMT+0000 (UTC),/objectOn/2/1430200678,objectOn,object on,0
553f040f762c89ba590000da,object spark,2,Tue Apr 28 2015 06:52:47 GMT+0000 (UTC),/objectOn/2/1430200755,objectOn,object on,0
553f0567762c89ba590000db,object spark,2,Tue Apr 28 2015 06:58:31 GMT+0000 (UTC),/objectOn/2/1430201100,objectOn,object on,0
553fdd13762c89ba590000fb,object spark,1,Tue Apr 28 2015 22:18:43 GMT+0000 (UTC),/objectOn/1/1430256314,objectOn,object on,0
553fdd18762c89ba590000fc,object spark,1,Tue Apr 28 2015 22:18:48 GMT+0000 (UTC),/objectOn/1/1430256319,objectOn,object on,0
553fdf4b762c89ba59000109,object spark,1,Tue Apr 28 2015 22:28:11 GMT+0000 (UTC),/objectOn/1/1430256880,objectOn,object on,0
553fdf7a762c89ba5900010b,object spark,1,Tue Apr 28 2015 22:28:58 GMT+0000 (UTC),/objectOn/1/1430256926,objectOn,object on,0
553fdfa7762c89ba5900010c,object spark,1,Tue Apr 28 2015 22:29:43 GMT+0000 (UTC),/objectOn/1/1430256973,objectOn,object on,0
553fe0aa762c89ba5900010e,object spark,1,Tue Apr 28 2015 22:34:02 GMT+0000 (UTC),/objectOn/1/1430257231,objectOn,object on,0
553fe19f762c89ba59000110,object spark,1,Tue Apr 28 2015 22:38:07 GMT+0000 (UTC),/objectOn/1/1430257477,objectOn,object on,0
553fe26dcfd4f10c72000001,object spark,1,Tue Apr 28 2015 22:41:33 GMT+0000 (UTC),/objectOn/1/1430257682,objectOn,object on,0
553fe37fcfd4f10c7200000c,object spark,1,Tue Apr 28 2015 22:46:07 GMT+0000 (UTC),/objectOn/1/1430257957,objectOn,object on,0
553fe43acfd4f10c72000010,object spark,1,Tue Apr 28 2015 22:49:14 GMT+0000 (UTC),/objectOn/1/1430258142,objectOn,object on,0
553fe4d2cfd4f10c7200001a,object spark,1,Tue Apr 28 2015 22:51:46 GMT+0000 (UTC),/objectOn/1/1430258295,objectOn,object on,0
553fe52bcfd4f10c72000023,object spark,1,Tue Apr 28 2015 22:53:15 GMT+0000 (UTC),/objectOn/1/1430258383,objectOn,object on,0