orenz have been connected successfully  Thu Dec 18 2014 14:12:44 GMT+0000 (UTC)
orenz have been connected successfully  Thu Dec 18 2014 14:14:31 GMT+0000 (UTC)
orenz have been connected successfully  Thu Dec 18 2014 14:20:42 GMT+0000 (UTC)
orenz have been connected successfully  Thu Dec 18 2014 14:22:34 GMT+0000 (UTC)
orenz have been connected successfully  Thu Dec 18 2014 14:24:49 GMT+0000 (UTC)
orenz have been connected successfully  Thu Dec 18 2014 14:49:55 GMT+0000 (UTC)
orenz have been connected successfully  Thu Dec 18 2014 15:02:03 GMT+0000 (UTC)
orenz have been connected successfully  Thu Dec 18 2014 15:02:08 GMT+0000 (UTC)
orenz have been connected successfully  Fri Dec 19 2014 19:07:17 GMT+0000 (UTC)
orenz update the task: newobj to object number: 6 Fri Dec 19 2014 19:08:39 GMT+0000 (UTC)
orenz update the task: newobj to object number: 6 Fri Dec 19 2014 19:08:39 GMT+0000 (UTC)
orenz update the task: 2 to object number: 2 Fri Dec 19 2014 19:08:39 GMT+0000 (UTC)
orenz update the task: 6 to object number: 6 Fri Dec 19 2014 19:08:39 GMT+0000 (UTC)
orenz update the task: brush to object number: null Fri Dec 19 2014 19:08:39 GMT+0000 (UTC)
orenz update the task: brush2 to object number: 3 Fri Dec 19 2014 19:08:40 GMT+0000 (UTC)
orenz update the task: test to object number: 6 Fri Dec 19 2014 19:08:40 GMT+0000 (UTC)
orenz update the task: 1 to object number: 6 Fri Dec 19 2014 19:08:40 GMT+0000 (UTC)
orenz update the task: 1 to object number: null Fri Dec 19 2014 19:08:40 GMT+0000 (UTC)
orenz have been connected successfully  Fri Dec 19 2014 19:08:54 GMT+0000 (UTC)
orenz update the task: newobj to object number: 6 Fri Dec 19 2014 19:38:30 GMT+0000 (UTC)
orenz update the task: 2 to object number: 2 Fri Dec 19 2014 19:38:30 GMT+0000 (UTC)
orenz update the task: 6 to object number: 4 Fri Dec 19 2014 19:38:30 GMT+0000 (UTC)
orenz update the task: brush2 to object number: 5 Fri Dec 19 2014 19:38:30 GMT+0000 (UTC)
orenz update the task: brush to object number: 3 Fri Dec 19 2014 19:38:31 GMT+0000 (UTC)
oshribin have been connected successfully  Mon Dec 22 2014 13:22:48 GMT+0200 (IST)
oshribin have been connected successfully  Mon Dec 22 2014 13:23:00 GMT+0200 (IST)
oshribin have been connected successfully  Mon Dec 22 2014 13:38:14 GMT+0200 (IST)
oshribin have been connected successfully  Mon Dec 22 2014 13:43:19 GMT+0200 (IST)
oshribin have been connected successfully  Mon Dec 22 2014 13:43:52 GMT+0200 (IST)
oshribin have been connected successfully  Mon Dec 22 2014 13:48:19 GMT+0200 (IST)
oshribin have been connected successfully  Mon Dec 22 2014 13:49:07 GMT+0200 (IST)
oshribin have been connected successfully  Mon Dec 22 2014 13:49:47 GMT+0200 (IST)
oshribin have been connected successfully  Mon Dec 22 2014 13:50:00 GMT+0200 (IST)
oshribin have been connected successfully  Mon Dec 22 2014 14:00:57 GMT+0200 (IST)
oshribin have been connected successfully  Mon Dec 22 2014 14:02:21 GMT+0200 (IST)
oshribin have been connected successfully  Mon Dec 22 2014 14:15:24 GMT+0200 (IST)
oshribin have been connected successfully  Mon Dec 22 2014 14:17:09 GMT+0200 (IST)
oshribin have been connected successfully  Mon Dec 22 2014 14:18:01 GMT+0200 (IST)
oshribin have been connected successfully  Mon Dec 22 2014 14:21:57 GMT+0200 (IST)
oshribin have been connected successfully  Mon Dec 22 2014 14:26:11 GMT+0200 (IST)
oshribin have been connected successfully  Mon Dec 22 2014 14:26:30 GMT+0200 (IST)
oshribin have been connected successfully  Mon Dec 22 2014 14:29:37 GMT+0200 (IST)
oshribin have been connected successfully  Mon Dec 22 2014 14:32:14 GMT+0200 (IST)
oshribin have been connected successfully  Mon Dec 22 2014 14:32:51 GMT+0200 (IST)
oshribin have been connected successfully  Mon Dec 22 2014 14:41:41 GMT+0200 (IST)
oshribin have been connected successfully  Mon Dec 22 2014 15:20:43 GMT+0200 (IST)
oshribin have been connected successfully  Mon Dec 22 2014 15:28:01 GMT+0200 (IST)
oshribin have been connected successfully  Mon Dec 22 2014 15:34:57 GMT+0200 (IST)
oshribin have been connected successfully  Mon Dec 22 2014 15:36:07 GMT+0200 (IST)
oshribin have been connected successfully  Mon Dec 22 2014 15:36:35 GMT+0200 (IST)
oshribin have been connected successfully  Mon Dec 22 2014 16:00:57 GMT+0200 (IST)
oshribin have been connected successfully  Mon Dec 22 2014 16:01:11 GMT+0200 (IST)
oshribin have been connected successfully  Mon Dec 22 2014 16:01:37 GMT+0200 (IST)
oshribin have been connected successfully  Mon Dec 22 2014 16:02:37 GMT+0200 (IST)
oshribin have been connected successfully  Mon Dec 22 2014 16:03:57 GMT+0200 (IST)
oshribin have been connected successfully  Mon Dec 22 2014 16:04:45 GMT+0200 (IST)
oshribin have been connected successfully  Mon Dec 22 2014 16:06:08 GMT+0200 (IST)
oshribin have been connected successfully  Mon Dec 22 2014 16:06:30 GMT+0200 (IST)
oshribin have been connected successfully  Mon Dec 22 2014 16:06:48 GMT+0200 (IST)
oshribin have been connected successfully  Mon Dec 22 2014 16:09:17 GMT+0200 (IST)
oshribin have been connected successfully  Mon Dec 22 2014 16:14:03 GMT+0200 (IST)
oshribin have been connected successfully  Mon Dec 22 2014 20:53:06 GMT+0200 (IST)
oshribin update the task: לצחצח שיניים  to object number: null Mon Dec 22 2014 20:54:13 GMT+0200 (IST)
oshribin update the task: לשטוף פנים to object number: null Mon Dec 22 2014 20:54:14 GMT+0200 (IST)
oshribin update the task: לאכול to object number: null Mon Dec 22 2014 20:54:14 GMT+0200 (IST)
oshribin update the task: לנקות to object number: null Mon Dec 22 2014 20:54:14 GMT+0200 (IST)
oshribin update the task: להתלבש to object number: null Mon Dec 22 2014 20:54:14 GMT+0200 (IST)
oshribin update the task: שגכש to object number: null Mon Dec 22 2014 20:54:14 GMT+0200 (IST)
oshribin have been connected successfully  Mon Dec 22 2014 20:54:58 GMT+0200 (IST)
oshribin have been connected successfully  Mon Dec 22 2014 20:54:58 GMT+0200 (IST)
oshribin update the task: לשטוף פנים to object number: 1 Mon Dec 22 2014 20:59:36 GMT+0200 (IST)
oshribin update the task: לאכול to object number: 2 Mon Dec 22 2014 20:59:36 GMT+0200 (IST)
oshribin update the task: לנקות to object number: 3 Mon Dec 22 2014 20:59:36 GMT+0200 (IST)
oshribin update the task: להתלבש to object number: 4 Mon Dec 22 2014 20:59:36 GMT+0200 (IST)
oshribin update the task: לצחצח שיניים  to object number: 5 Mon Dec 22 2014 20:59:36 GMT+0200 (IST)
oshribin update the task: שגכש to object number: 6 Mon Dec 22 2014 20:59:36 GMT+0200 (IST)
oshribin have been connected successfully  Mon Dec 22 2014 21:12:05 GMT+0200 (IST)
oshribin have been connected successfully  Mon Dec 22 2014 21:29:25 GMT+0200 (IST)
oshribin have been connected successfully  Mon Dec 22 2014 21:30:26 GMT+0200 (IST)
oshribin have been connected successfully  Mon Dec 22 2014 21:34:09 GMT+0200 (IST)
oshribin update the task: לצחצח שיניים  to object number: 5 Mon Dec 22 2014 21:34:22 GMT+0200 (IST)
oshribin update the task: לשטוף פנים to object number: 1 Mon Dec 22 2014 21:34:22 GMT+0200 (IST)
oshribin update the task: לאכול to object number: 2 Mon Dec 22 2014 21:34:22 GMT+0200 (IST)
oshribin update the task: לנקות to object number: 3 Mon Dec 22 2014 21:34:22 GMT+0200 (IST)
oshribin update the task: להתלבש to object number: 4 Mon Dec 22 2014 21:34:22 GMT+0200 (IST)
oshribin update the task: שגכש to object number: 6 Mon Dec 22 2014 21:34:22 GMT+0200 (IST)
oshribin have been connected successfully  Mon Dec 22 2014 21:34:59 GMT+0200 (IST)
oshribin have been connected successfully  Mon Dec 22 2014 21:36:13 GMT+0200 (IST)
