walla
walla
TypeError: Cannot read property 'objectId' of undefined
    at Promise.<anonymous> (/home/bitnami/TangiPlan/server.js:53:17)
    at Promise.<anonymous> (/home/bitnami/TangiPlan/node_modules/mongoose/node_modules/mpromise/lib/promise.js:157:8)
    at Promise.EventEmitter.emit (events.js:95:17)
    at Promise.emit (/home/bitnami/TangiPlan/node_modules/mongoose/node_modules/mpromise/lib/promise.js:79:38)
    at Promise.reject (/home/bitnami/TangiPlan/node_modules/mongoose/node_modules/mpromise/lib/promise.js:106:15)
    at Promise.error (/home/bitnami/TangiPlan/node_modules/mongoose/lib/promise.js:89:15)
    at Query.findOne (/home/bitnami/TangiPlan/node_modules/mongoose/lib/query.js:1774:13)
    at Function.findOne (/home/bitnami/TangiPlan/node_modules/mongoose/lib/model.js:948:16)
    at Object.router.route.get.put.task.findOne.objectId [as handle] (/home/bitnami/TangiPlan/server.js:50:8)
    at next_layer (/home/bitnami/TangiPlan/node_modules/express/lib/router/route.js:103:13)

/home/bitnami/TangiPlan/node_modules/mongoose/lib/utils.js:419
        throw err;
              ^
TypeError: Cannot read property 'objectId' of null
    at Promise.<anonymous> (/home/bitnami/TangiPlan/server.js:53:17)
    at Promise.<anonymous> (/home/bitnami/TangiPlan/node_modules/mongoose/node_modules/mpromise/lib/promise.js:162:8)
    at Promise.EventEmitter.emit (events.js:95:17)
    at Promise.emit (/home/bitnami/TangiPlan/node_modules/mongoose/node_modules/mpromise/lib/promise.js:79:38)
    at Promise.fulfill (/home/bitnami/TangiPlan/node_modules/mongoose/node_modules/mpromise/lib/promise.js:92:20)
    at /home/bitnami/TangiPlan/node_modules/mongoose/lib/query.js:1794:30
    at /home/bitnami/TangiPlan/node_modules/mongoose/lib/utils.js:414:16
    at /home/bitnami/TangiPlan/node_modules/mongoose/node_modules/mongodb/lib/mongodb/collection.js:953:5
    at /home/bitnami/TangiPlan/node_modules/mongoose/node_modules/mongodb/lib/mongodb/cursor.js:683:35
    at Cursor.close (/home/bitnami/TangiPlan/node_modules/mongoose/node_modules/mongodb/lib/mongodb/cursor.js:903:5)
walla

/home/bitnami/TangiPlan/node_modules/mongoose/lib/utils.js:419
        throw err;
              ^
TypeError: Cannot read property 'objectId' of null
    at Promise.<anonymous> (/home/bitnami/TangiPlan/server.js:53:17)
    at Promise.<anonymous> (/home/bitnami/TangiPlan/node_modules/mongoose/node_modules/mpromise/lib/promise.js:162:8)
    at Promise.EventEmitter.emit (events.js:95:17)
    at Promise.emit (/home/bitnami/TangiPlan/node_modules/mongoose/node_modules/mpromise/lib/promise.js:79:38)
    at Promise.fulfill (/home/bitnami/TangiPlan/node_modules/mongoose/node_modules/mpromise/lib/promise.js:92:20)
    at /home/bitnami/TangiPlan/node_modules/mongoose/lib/query.js:1794:30
    at /home/bitnami/TangiPlan/node_modules/mongoose/lib/utils.js:414:16
    at /home/bitnami/TangiPlan/node_modules/mongoose/node_modules/mongodb/lib/mongodb/collection.js:953:5
    at /home/bitnami/TangiPlan/node_modules/mongoose/node_modules/mongodb/lib/mongodb/cursor.js:683:35
    at Cursor.close (/home/bitnami/TangiPlan/node_modules/mongoose/node_modules/mongodb/lib/mongodb/cursor.js:903:5)
walla
TypeError: Cannot read property 'objectId' of undefined
    at Promise.<anonymous> (/home/bitnami/TangiPlan/server.js:53:17)
    at Promise.<anonymous> (/home/bitnami/TangiPlan/node_modules/mongoose/node_modules/mpromise/lib/promise.js:157:8)
    at Promise.EventEmitter.emit (events.js:95:17)
    at Promise.emit (/home/bitnami/TangiPlan/node_modules/mongoose/node_modules/mpromise/lib/promise.js:79:38)
    at Promise.reject (/home/bitnami/TangiPlan/node_modules/mongoose/node_modules/mpromise/lib/promise.js:106:15)
    at Promise.error (/home/bitnami/TangiPlan/node_modules/mongoose/lib/promise.js:89:15)
    at Query.findOne (/home/bitnami/TangiPlan/node_modules/mongoose/lib/query.js:1774:13)
    at Function.findOne (/home/bitnami/TangiPlan/node_modules/mongoose/lib/model.js:948:16)
    at Object.router.route.get.put.task.findOne.objectId [as handle] (/home/bitnami/TangiPlan/server.js:50:8)
    at next_layer (/home/bitnami/TangiPlan/node_modules/express/lib/router/route.js:103:13)

/home/bitnami/TangiPlan/node_modules/mongoose/lib/utils.js:419
        throw err;
              ^
TypeError: Cannot read property 'objectId' of null
    at Promise.<anonymous> (/home/bitnami/TangiPlan/server.js:53:17)
    at Promise.<anonymous> (/home/bitnami/TangiPlan/node_modules/mongoose/node_modules/mpromise/lib/promise.js:162:8)
    at Promise.EventEmitter.emit (events.js:95:17)
    at Promise.emit (/home/bitnami/TangiPlan/node_modules/mongoose/node_modules/mpromise/lib/promise.js:79:38)
    at Promise.fulfill (/home/bitnami/TangiPlan/node_modules/mongoose/node_modules/mpromise/lib/promise.js:92:20)
    at /home/bitnami/TangiPlan/node_modules/mongoose/lib/query.js:1794:30
    at /home/bitnami/TangiPlan/node_modules/mongoose/lib/utils.js:414:16
    at /home/bitnami/TangiPlan/node_modules/mongoose/node_modules/mongodb/lib/mongodb/collection.js:953:5
    at /home/bitnami/TangiPlan/node_modules/mongoose/node_modules/mongodb/lib/mongodb/cursor.js:683:35
    at Cursor.close (/home/bitnami/TangiPlan/node_modules/mongoose/node_modules/mongodb/lib/mongodb/cursor.js:903:5)
walla

/home/bitnami/TangiPlan/node_modules/mongoose/lib/utils.js:419
        throw err;
              ^
TypeError: Cannot read property 'objectId' of null
    at Promise.<anonymous> (/home/bitnami/TangiPlan/server.js:53:17)
    at Promise.<anonymous> (/home/bitnami/TangiPlan/node_modules/mongoose/node_modules/mpromise/lib/promise.js:162:8)
    at Promise.EventEmitter.emit (events.js:95:17)
    at Promise.emit (/home/bitnami/TangiPlan/node_modules/mongoose/node_modules/mpromise/lib/promise.js:79:38)
    at Promise.fulfill (/home/bitnami/TangiPlan/node_modules/mongoose/node_modules/mpromise/lib/promise.js:92:20)
    at /home/bitnami/TangiPlan/node_modules/mongoose/lib/query.js:1794:30
    at /home/bitnami/TangiPlan/node_modules/mongoose/lib/utils.js:414:16
    at /home/bitnami/TangiPlan/node_modules/mongoose/node_modules/mongodb/lib/mongodb/collection.js:953:5
    at /home/bitnami/TangiPlan/node_modules/mongoose/node_modules/mongodb/lib/mongodb/cursor.js:683:35
    at Cursor.close (/home/bitnami/TangiPlan/node_modules/mongoose/node_modules/mongodb/lib/mongodb/cursor.js:903:5)
walla

/home/bitnami/TangiPlan/node_modules/mongoose/lib/utils.js:419
        throw err;
              ^
TypeError: Cannot read property 'objectId' of null
    at Promise.<anonymous> (/home/bitnami/TangiPlan/server.js:53:17)
    at Promise.<anonymous> (/home/bitnami/TangiPlan/node_modules/mongoose/node_modules/mpromise/lib/promise.js:162:8)
    at Promise.EventEmitter.emit (events.js:95:17)
    at Promise.emit (/home/bitnami/TangiPlan/node_modules/mongoose/node_modules/mpromise/lib/promise.js:79:38)
    at Promise.fulfill (/home/bitnami/TangiPlan/node_modules/mongoose/node_modules/mpromise/lib/promise.js:92:20)
    at /home/bitnami/TangiPlan/node_modules/mongoose/lib/query.js:1794:30
    at /home/bitnami/TangiPlan/node_modules/mongoose/lib/utils.js:414:16
    at /home/bitnami/TangiPlan/node_modules/mongoose/node_modules/mongodb/lib/mongodb/collection.js:953:5
    at /home/bitnami/TangiPlan/node_modules/mongoose/node_modules/mongodb/lib/mongodb/cursor.js:683:35
    at Cursor.close (/home/bitnami/TangiPlan/node_modules/mongoose/node_modules/mongodb/lib/mongodb/cursor.js:903:5)
walla
walla
walla
walla
walla
