0User tangiplan Sun Mar 08 2015 17:29:20 GMT+0000 (UTC) login connected
0object spark 4 Mon Mar 09 2015 03:55:39 GMT+0000 (UTC) objectOn object on
0object spark 4 Mon Mar 09 2015 03:55:44 GMT+0000 (UTC) getDuration 4:-1
0object spark 4 Mon Mar 09 2015 03:55:49 GMT+0000 (UTC) getDuration 4:-1
0object spark 2 Mon Mar 09 2015 03:55:49 GMT+0000 (UTC) objectOn object on
0object spark 2 Mon Mar 09 2015 03:55:54 GMT+0000 (UTC) getDuration 2:-1
0object spark 1 Mon Mar 09 2015 03:55:54 GMT+0000 (UTC) objectOn object on
0object spark 3 Mon Mar 09 2015 03:55:58 GMT+0000 (UTC) objectOn object on
0object spark 2 Mon Mar 09 2015 03:55:59 GMT+0000 (UTC) getDuration 2:-1
0object spark 1 Mon Mar 09 2015 03:55:59 GMT+0000 (UTC) getDuration 1:-1
0object spark 3 Mon Mar 09 2015 03:56:03 GMT+0000 (UTC) objectOn object on
0object spark 3 Mon Mar 09 2015 03:56:08 GMT+0000 (UTC) getDuration 3:-1
0object spark 4 Tue Mar 10 2015 03:55:03 GMT+0000 (UTC) objectOn object on
0object spark 4 Tue Mar 10 2015 03:55:08 GMT+0000 (UTC) getDuration 4:-1
0object spark 1 Tue Mar 10 2015 03:55:11 GMT+0000 (UTC) objectOn object on
0object spark 2 Tue Mar 10 2015 03:55:12 GMT+0000 (UTC) objectOn object on
0object spark 1 Tue Mar 10 2015 03:55:16 GMT+0000 (UTC) objectOn object on
0object spark 2 Tue Mar 10 2015 03:55:17 GMT+0000 (UTC) getDuration 2:-1
0object spark 1 Tue Mar 10 2015 03:55:21 GMT+0000 (UTC) getDuration 1:-1
0object spark 3 Tue Mar 10 2015 03:55:21 GMT+0000 (UTC) objectOn object on
0object spark 3 Tue Mar 10 2015 03:55:26 GMT+0000 (UTC) objectOn object on
0object spark 3 Tue Mar 10 2015 03:55:31 GMT+0000 (UTC) objectOn object on
0object spark 3 Tue Mar 10 2015 03:55:36 GMT+0000 (UTC) objectOn object on
0object spark 3 Tue Mar 10 2015 03:55:42 GMT+0000 (UTC) getDuration 3:-1
0User tangiplan Tue Mar 10 2015 22:34:21 GMT+0000 (UTC) login connected
0object spark 3 Wed Mar 11 2015 03:55:22 GMT+0000 (UTC) objectOn object on
0object spark 1 Wed Mar 11 2015 03:55:25 GMT+0000 (UTC) objectOn object on
0object spark 4 Wed Mar 11 2015 03:55:25 GMT+0000 (UTC) objectOn object on
0object spark 3 Wed Mar 11 2015 03:55:27 GMT+0000 (UTC) getDuration 3:300000
0object spark 1 Wed Mar 11 2015 03:55:30 GMT+0000 (UTC) getDuration 1:180000
0object spark 4 Wed Mar 11 2015 03:55:30 GMT+0000 (UTC) getDuration 4:600000
0object spark undefined Wed Mar 11 2015 05:01:17 GMT+0000 (UTC) setDuration task end
0object spark 2 Wed Mar 11 2015 05:01:46 GMT+0000 (UTC) objectOn object on
0object spark 2 Wed Mar 11 2015 05:01:52 GMT+0000 (UTC) getDuration 2:240000
0object spark 5 Wed Mar 11 2015 05:03:29 GMT+0000 (UTC) objectOn object on
0object spark 5 Wed Mar 11 2015 05:03:34 GMT+0000 (UTC) objectOn object on
0object spark 5 Wed Mar 11 2015 05:03:40 GMT+0000 (UTC) getDuration 5:600000
0object spark undefined Wed Mar 11 2015 05:06:39 GMT+0000 (UTC) setDuration task end
0object spark undefined Wed Mar 11 2015 05:10:53 GMT+0000 (UTC) setDuration task end
0object spark undefined Wed Mar 11 2015 05:21:45 GMT+0000 (UTC) setDuration task end
0object spark undefined Wed Mar 11 2015 05:33:06 GMT+0000 (UTC) setDuration task end
0User tangiplan Wed Mar 11 2015 07:00:26 GMT+0000 (UTC) login connected
0User tangiplan Wed Mar 11 2015 07:00:59 GMT+0000 (UTC) login connected
0User tangiplan Wed Mar 11 2015 07:02:17 GMT+0000 (UTC) login connected
0User tangiplan Wed Mar 11 2015 07:04:49 GMT+0000 (UTC) login connected
0User tangiplan Wed Mar 11 2015 07:05:29 GMT+0000 (UTC) login connected
0object spark 1 Thu Mar 12 2015 03:55:23 GMT+0000 (UTC) objectOn object on
0object spark 1 Thu Mar 12 2015 03:55:28 GMT+0000 (UTC) getDuration 1:180000
0object spark 1 Thu Mar 12 2015 03:55:33 GMT+0000 (UTC) getDuration 1:180000
0object spark 2 Thu Mar 12 2015 03:55:43 GMT+0000 (UTC) objectOn object on
0object spark 5 Thu Mar 12 2015 03:55:45 GMT+0000 (UTC) objectOn object on
0object spark 2 Thu Mar 12 2015 03:55:48 GMT+0000 (UTC) objectOn object on
0object spark 5 Thu Mar 12 2015 03:55:50 GMT+0000 (UTC) objectOn object on
0object spark 2 Thu Mar 12 2015 03:55:53 GMT+0000 (UTC) getDuration 2:240000
0object spark 5 Thu Mar 12 2015 03:55:55 GMT+0000 (UTC) getDuration 5:600000
0object spark 4 Thu Mar 12 2015 03:55:56 GMT+0000 (UTC) objectOn object on
0object spark 2 Thu Mar 12 2015 03:55:58 GMT+0000 (UTC) getDuration 2:240000
0object spark 4 Thu Mar 12 2015 03:56:01 GMT+0000 (UTC) getDuration 4:600000
0object spark 3 Thu Mar 12 2015 03:56:05 GMT+0000 (UTC) objectOn object on
0object spark 4 Thu Mar 12 2015 03:56:06 GMT+0000 (UTC) getDuration 4:600000
0object spark 3 Thu Mar 12 2015 03:56:10 GMT+0000 (UTC) getDuration 3:300000
0object spark undefined Thu Mar 12 2015 04:59:01 GMT+0000 (UTC) setDuration task end
0object spark undefined Thu Mar 12 2015 05:06:24 GMT+0000 (UTC) setDuration task end
0object spark undefined Thu Mar 12 2015 05:13:59 GMT+0000 (UTC) setDuration task end
0object spark undefined Thu Mar 12 2015 05:28:57 GMT+0000 (UTC) setDuration task end
0object spark undefined Thu Mar 12 2015 05:37:19 GMT+0000 (UTC) setDuration task end
0object spark 5 Fri Mar 13 2015 03:55:13 GMT+0000 (UTC) objectOn object on
0object spark 1 Fri Mar 13 2015 03:55:14 GMT+0000 (UTC) objectOn object on
0object spark 3 Fri Mar 13 2015 03:55:14 GMT+0000 (UTC) objectOn object on
0object spark 5 Fri Mar 13 2015 03:55:18 GMT+0000 (UTC) getDuration 5:600000
0object spark 1 Fri Mar 13 2015 03:55:19 GMT+0000 (UTC) getDuration 1:180000
0object spark 3 Fri Mar 13 2015 03:55:19 GMT+0000 (UTC) objectOn object on
0object spark 3 Fri Mar 13 2015 03:55:24 GMT+0000 (UTC) getDuration 3:480000
0object spark 2 Fri Mar 13 2015 03:55:36 GMT+0000 (UTC) objectOn object on
0object spark 2 Fri Mar 13 2015 03:55:41 GMT+0000 (UTC) getDuration 2:240000
0object spark 4 Fri Mar 13 2015 03:55:45 GMT+0000 (UTC) objectOn object on
0object spark 4 Fri Mar 13 2015 03:55:50 GMT+0000 (UTC) objectOn object on
0object spark 4 Fri Mar 13 2015 03:55:55 GMT+0000 (UTC) getDuration 4:600000
0object spark undefined Fri Mar 13 2015 05:15:59 GMT+0000 (UTC) setDuration task end
0object spark undefined Fri Mar 13 2015 05:21:13 GMT+0000 (UTC) setDuration task end
0object spark undefined Fri Mar 13 2015 05:24:42 GMT+0000 (UTC) setDuration task end
0object spark undefined Fri Mar 13 2015 05:35:20 GMT+0000 (UTC) setDuration task end
0object spark undefined Fri Mar 13 2015 05:42:20 GMT+0000 (UTC) setDuration task end
0object spark 55 Fri Mar 13 2015 08:43:17 GMT+0000 (UTC) getDuration 55:-1
0User tangiplan Fri Mar 13 2015 08:43:37 GMT+0000 (UTC) login connected
0object spark 2 Sat Mar 14 2015 03:55:04 GMT+0000 (UTC) objectOn object on
0object spark 3 Sat Mar 14 2015 03:55:06 GMT+0000 (UTC) objectOn object on
0object spark 3 Sat Mar 14 2015 03:55:11 GMT+0000 (UTC) objectOn object on
0object spark 1 Sat Mar 14 2015 03:55:11 GMT+0000 (UTC) objectOn object on
0object spark 3 Sat Mar 14 2015 03:55:16 GMT+0000 (UTC) getDuration 3:480000
0object spark 1 Sat Mar 14 2015 03:55:16 GMT+0000 (UTC) objectOn object on
0object spark 1 Sat Mar 14 2015 03:55:21 GMT+0000 (UTC) getDuration 1:180000
0object spark 4 Sat Mar 14 2015 03:55:33 GMT+0000 (UTC) objectOn object on
0object spark 5 Sat Mar 14 2015 03:55:35 GMT+0000 (UTC) objectOn object on
0object spark 4 Sat Mar 14 2015 03:55:38 GMT+0000 (UTC) getDuration 4:600000
0object spark 5 Sat Mar 14 2015 03:55:41 GMT+0000 (UTC) getDuration 5:600000
0object spark 2 Sat Mar 14 2015 04:02:06 GMT+0000 (UTC) objectOn object on
0object spark 2 Sat Mar 14 2015 04:09:02 GMT+0000 (UTC) objectOn object on
0object spark 2 Sat Mar 14 2015 04:16:03 GMT+0000 (UTC) objectOn object on
0object spark 2 Sat Mar 14 2015 07:01:38 GMT+0000 (UTC) objectOn object on
0object spark 2 Sat Mar 14 2015 07:01:42 GMT+0000 (UTC) getDuration 2:240000
0object spark undefined Sat Mar 14 2015 07:02:40 GMT+0000 (UTC) setDuration task end
0object spark undefined Sat Mar 14 2015 07:03:50 GMT+0000 (UTC) setDuration task end
0object spark undefined Sat Mar 14 2015 07:12:15 GMT+0000 (UTC) setDuration task end
0object spark 5 Sat Mar 14 2015 07:13:50 GMT+0000 (UTC) objectOn object on
0object spark undefined Sat Mar 14 2015 07:13:55 GMT+0000 (UTC) setDuration task end
0object spark undefined Sat Mar 14 2015 07:15:52 GMT+0000 (UTC) setDuration task end
0object spark 2 Sun Mar 15 2015 03:55:00 GMT+0000 (UTC) objectOn object on
0object spark 1 Sun Mar 15 2015 03:55:04 GMT+0000 (UTC) objectOn object on
0object spark 2 Sun Mar 15 2015 03:55:05 GMT+0000 (UTC) getDuration 2:240000
0object spark 4 Sun Mar 15 2015 03:55:06 GMT+0000 (UTC) objectOn object on
0object spark 1 Sun Mar 15 2015 03:55:09 GMT+0000 (UTC) getDuration 1:180000
0object spark 4 Sun Mar 15 2015 03:55:10 GMT+0000 (UTC) getDuration 4:600000
0object spark 5 Sun Mar 15 2015 03:55:31 GMT+0000 (UTC) objectOn object on
0object spark 5 Sun Mar 15 2015 03:55:36 GMT+0000 (UTC) getDuration 5:600000
0object spark 3 Sun Mar 15 2015 03:55:44 GMT+0000 (UTC) objectOn object on
0object spark 3 Sun Mar 15 2015 03:55:48 GMT+0000 (UTC) getDuration 3:480000
0object spark undefined Sun Mar 15 2015 04:58:20 GMT+0000 (UTC) setDuration task end
0object spark undefined Sun Mar 15 2015 05:06:39 GMT+0000 (UTC) setDuration task end
0object spark undefined Sun Mar 15 2015 05:18:54 GMT+0000 (UTC) setDuration task end
0object spark undefined Sun Mar 15 2015 05:29:33 GMT+0000 (UTC) setDuration task end
0object spark undefined Sun Mar 15 2015 05:33:01 GMT+0000 (UTC) setDuration task end
0object spark 2 Mon Mar 16 2015 03:55:01 GMT+0000 (UTC) objectOn object on
0object spark 4 Mon Mar 16 2015 03:55:05 GMT+0000 (UTC) objectOn object on
0object spark 2 Mon Mar 16 2015 03:55:06 GMT+0000 (UTC) getDuration 2:240000
0object spark 4 Mon Mar 16 2015 03:55:10 GMT+0000 (UTC) objectOn object on
0object spark 4 Mon Mar 16 2015 03:55:15 GMT+0000 (UTC) getDuration 4:600000
0object spark 5 Mon Mar 16 2015 03:55:20 GMT+0000 (UTC) objectOn object on
0object spark 5 Mon Mar 16 2015 03:55:25 GMT+0000 (UTC) getDuration 5:600000
0object spark 1 Mon Mar 16 2015 03:55:26 GMT+0000 (UTC) objectOn object on
0object spark 5 Mon Mar 16 2015 03:55:30 GMT+0000 (UTC) getDuration 5:600000
0object spark 1 Mon Mar 16 2015 03:55:31 GMT+0000 (UTC) getDuration 1:180000
0object spark 1 Mon Mar 16 2015 03:55:36 GMT+0000 (UTC) getDuration 1:180000
0object spark 3 Mon Mar 16 2015 03:55:49 GMT+0000 (UTC) objectOn object on
0object spark 3 Mon Mar 16 2015 03:55:54 GMT+0000 (UTC) objectOn object on
0object spark 3 Mon Mar 16 2015 03:55:59 GMT+0000 (UTC) objectOn object on
0object spark 3 Mon Mar 16 2015 03:56:04 GMT+0000 (UTC) objectOn object on
0object spark 3 Mon Mar 16 2015 03:56:09 GMT+0000 (UTC) objectOn object on
0object spark 3 Mon Mar 16 2015 03:56:14 GMT+0000 (UTC) getDuration 3:480000
0object spark undefined Mon Mar 16 2015 04:48:39 GMT+0000 (UTC) setDuration task end
0object spark undefined Mon Mar 16 2015 04:58:37 GMT+0000 (UTC) setDuration task end
0object spark undefined Mon Mar 16 2015 05:04:16 GMT+0000 (UTC) setDuration task end
0object spark undefined Mon Mar 16 2015 05:19:10 GMT+0000 (UTC) setDuration task end
0object spark undefined Mon Mar 16 2015 05:30:24 GMT+0000 (UTC) setDuration task end
0object spark 4 Tue Mar 17 2015 03:55:00 GMT+0000 (UTC) objectOn object on
0object spark 1 Tue Mar 17 2015 03:55:01 GMT+0000 (UTC) objectOn object on
0object spark 1 Tue Mar 17 2015 03:55:05 GMT+0000 (UTC) getDuration 1:180000
0object spark 4 Tue Mar 17 2015 03:55:05 GMT+0000 (UTC) getDuration 4:600000
0object spark 2 Tue Mar 17 2015 03:55:16 GMT+0000 (UTC) objectOn object on
0object spark 2 Tue Mar 17 2015 03:55:21 GMT+0000 (UTC) objectOn object on
0object spark 2 Tue Mar 17 2015 03:55:26 GMT+0000 (UTC) getDuration 2:240000
0object spark 2 Tue Mar 17 2015 03:55:31 GMT+0000 (UTC) getDuration 2:240000
0object spark 3 Tue Mar 17 2015 03:55:43 GMT+0000 (UTC) objectOn object on
0object spark 3 Tue Mar 17 2015 03:55:48 GMT+0000 (UTC) getDuration 3:480000
0object spark 3 Tue Mar 17 2015 03:55:53 GMT+0000 (UTC) getDuration 3:480000
0object spark 1 Tue Mar 17 2015 05:08:09 GMT+0000 (UTC) objectOn object on
0object spark undefined Tue Mar 17 2015 05:13:13 GMT+0000 (UTC) setDuration task end
0object spark undefined Tue Mar 17 2015 05:17:33 GMT+0000 (UTC) setDuration task end
0object spark 1 Tue Mar 17 2015 05:20:38 GMT+0000 (UTC) objectOn object on
0object spark 1 Tue Mar 17 2015 05:20:44 GMT+0000 (UTC) getDuration 1:180000
0object spark undefined Tue Mar 17 2015 05:21:12 GMT+0000 (UTC) setDuration task end
0object spark undefined Tue Mar 17 2015 05:23:46 GMT+0000 (UTC) setDuration task end
0User tangiplan Wed Mar 18 2015 19:55:28 GMT+0000 (UTC) login connected
0object spark 1 Thu Mar 19 2015 03:54:54 GMT+0000 (UTC) objectOn object on
0object spark 5 Thu Mar 19 2015 03:54:56 GMT+0000 (UTC) objectOn object on
0object spark 1 Thu Mar 19 2015 03:54:58 GMT+0000 (UTC) getDuration 1:180000
0object spark 5 Thu Mar 19 2015 03:55:01 GMT+0000 (UTC) getDuration 5:600000
0object spark 3 Thu Mar 19 2015 03:55:08 GMT+0000 (UTC) objectOn object on
0object spark 3 Thu Mar 19 2015 03:55:13 GMT+0000 (UTC) getDuration 3:480000
0object spark 2 Thu Mar 19 2015 03:55:29 GMT+0000 (UTC) objectOn object on
0object spark 2 Thu Mar 19 2015 03:55:33 GMT+0000 (UTC) getDuration 2:240000
0object spark 4 Thu Mar 19 2015 03:56:24 GMT+0000 (UTC) objectOn object on
0object spark undefined Thu Mar 19 2015 04:59:38 GMT+0000 (UTC) setDuration task end
0object spark undefined Thu Mar 19 2015 05:08:27 GMT+0000 (UTC) setDuration task end
0object spark undefined Thu Mar 19 2015 05:25:30 GMT+0000 (UTC) setDuration task end
0object spark 4 Thu Mar 19 2015 05:28:33 GMT+0000 (UTC) objectOn object on
0object spark 4 Thu Mar 19 2015 05:28:38 GMT+0000 (UTC) getDuration 4:600000
0object spark undefined Thu Mar 19 2015 05:39:36 GMT+0000 (UTC) setDuration task end
0object spark undefined Thu Mar 19 2015 05:41:19 GMT+0000 (UTC) setDuration task end
0object spark 2 Fri Mar 20 2015 03:54:43 GMT+0000 (UTC) objectOn object on
0object spark 2 Fri Mar 20 2015 03:54:47 GMT+0000 (UTC) getDuration 2:-1
0object spark 1 Fri Mar 20 2015 03:54:55 GMT+0000 (UTC) objectOn object on
0object spark 4 Fri Mar 20 2015 03:54:55 GMT+0000 (UTC) objectOn object on
0object spark 1 Fri Mar 20 2015 03:55:00 GMT+0000 (UTC) getDuration 1:-1
0object spark 4 Fri Mar 20 2015 03:55:00 GMT+0000 (UTC) objectOn object on
0object spark 4 Fri Mar 20 2015 03:55:05 GMT+0000 (UTC) getDuration 4:-1
0object spark 5 Fri Mar 20 2015 03:55:32 GMT+0000 (UTC) objectOn object on
0object spark 3 Fri Mar 20 2015 03:55:36 GMT+0000 (UTC) objectOn object on
0object spark 5 Fri Mar 20 2015 03:55:37 GMT+0000 (UTC) objectOn object on
0object spark 3 Fri Mar 20 2015 03:55:41 GMT+0000 (UTC) getDuration 3:-1
0object spark 5 Fri Mar 20 2015 03:55:42 GMT+0000 (UTC) getDuration 5:-1
0User tangiplan Fri Mar 20 2015 04:21:50 GMT+0000 (UTC) login connected
0object spark 5 Fri Mar 20 2015 04:23:49 GMT+0000 (UTC) objectOn object on
0object spark 5 Fri Mar 20 2015 04:23:54 GMT+0000 (UTC) objectOn object on
0object spark 5 Fri Mar 20 2015 04:23:59 GMT+0000 (UTC) getDuration 5:600000
0object spark 2 Fri Mar 20 2015 04:29:25 GMT+0000 (UTC) objectOn object on
0object spark 2 Fri Mar 20 2015 04:29:30 GMT+0000 (UTC) getDuration 2:240000
0object spark 4 Fri Mar 20 2015 04:29:36 GMT+0000 (UTC) objectOn object on
0object spark 4 Fri Mar 20 2015 04:29:42 GMT+0000 (UTC) objectOn object on
0object spark 4 Fri Mar 20 2015 04:29:47 GMT+0000 (UTC) getDuration 4:600000
0object spark 4 Fri Mar 20 2015 04:29:52 GMT+0000 (UTC) getDuration 4:600000
0object spark 1 Fri Mar 20 2015 04:29:54 GMT+0000 (UTC) objectOn object on
0object spark 1 Fri Mar 20 2015 04:29:59 GMT+0000 (UTC) getDuration 1:180000
0object spark 3 Fri Mar 20 2015 04:30:23 GMT+0000 (UTC) objectOn object on
0object spark 3 Fri Mar 20 2015 04:30:28 GMT+0000 (UTC) objectOn object on
0object spark 3 Fri Mar 20 2015 04:30:33 GMT+0000 (UTC) getDuration 3:480000
0object spark undefined Fri Mar 20 2015 04:33:59 GMT+0000 (UTC) setDuration task end
0object spark undefined Fri Mar 20 2015 04:48:38 GMT+0000 (UTC) setDuration task end
0object spark undefined Fri Mar 20 2015 05:03:17 GMT+0000 (UTC) setDuration task end
0object spark undefined Fri Mar 20 2015 05:04:12 GMT+0000 (UTC) setDuration task end
0object spark undefined Fri Mar 20 2015 05:06:04 GMT+0000 (UTC) setDuration task end
0object spark 2 Sat Mar 21 2015 03:55:11 GMT+0000 (UTC) objectOn object on
0object spark 5 Sat Mar 21 2015 03:55:16 GMT+0000 (UTC) objectOn object on
0object spark 5 Sat Mar 21 2015 03:55:21 GMT+0000 (UTC) getDuration 5:600000
0object spark 2 Sat Mar 21 2015 03:55:26 GMT+0000 (UTC) getDuration 2:240000
0object spark 4 Sat Mar 21 2015 03:55:29 GMT+0000 (UTC) objectOn object on
0object spark 1 Sat Mar 21 2015 03:55:30 GMT+0000 (UTC) objectOn object on
0object spark 3 Sat Mar 21 2015 03:55:32 GMT+0000 (UTC) objectOn object on
0object spark 4 Sat Mar 21 2015 03:55:34 GMT+0000 (UTC) getDuration 4:600000
0object spark 1 Sat Mar 21 2015 03:55:35 GMT+0000 (UTC) getDuration 1:180000
0object spark 3 Sat Mar 21 2015 03:55:37 GMT+0000 (UTC) getDuration 3:480000
0object spark undefined Sat Mar 21 2015 04:50:14 GMT+0000 (UTC) setDuration task end
0object spark undefined Sat Mar 21 2015 04:52:52 GMT+0000 (UTC) setDuration task end
0object spark undefined Sat Mar 21 2015 05:02:23 GMT+0000 (UTC) setDuration task end
0object spark undefined Sat Mar 21 2015 05:11:02 GMT+0000 (UTC) setDuration task end
0object spark undefined Sat Mar 21 2015 05:16:26 GMT+0000 (UTC) setDuration task end
0object spark 5 Sun Mar 22 2015 03:54:40 GMT+0000 (UTC) objectOn object on
0object spark 5 Sun Mar 22 2015 03:54:45 GMT+0000 (UTC) getDuration 5:600000
0object spark 2 Sun Mar 22 2015 03:55:06 GMT+0000 (UTC) objectOn object on
0object spark 2 Sun Mar 22 2015 03:55:10 GMT+0000 (UTC) getDuration 2:240000
0object spark 4 Sun Mar 22 2015 03:55:18 GMT+0000 (UTC) objectOn object on
0object spark 4 Sun Mar 22 2015 03:55:23 GMT+0000 (UTC) objectOn object on
0object spark 1 Sun Mar 22 2015 03:55:27 GMT+0000 (UTC) objectOn object on
0object spark 4 Sun Mar 22 2015 03:55:28 GMT+0000 (UTC) getDuration 4:600000
0object spark 1 Sun Mar 22 2015 03:55:32 GMT+0000 (UTC) objectOn object on
0object spark 1 Sun Mar 22 2015 03:55:36 GMT+0000 (UTC) objectOn object on
0object spark 1 Sun Mar 22 2015 03:55:42 GMT+0000 (UTC) objectOn object on
0object spark 3 Sun Mar 22 2015 03:55:45 GMT+0000 (UTC) objectOn object on
0object spark 1 Sun Mar 22 2015 03:55:46 GMT+0000 (UTC) objectOn object on
0object spark 3 Sun Mar 22 2015 03:55:50 GMT+0000 (UTC) objectOn object on
0object spark 1 Sun Mar 22 2015 03:55:52 GMT+0000 (UTC) getDuration 1:180000
0object spark 3 Sun Mar 22 2015 03:55:56 GMT+0000 (UTC) getDuration 3:480000
0object spark 1 Sun Mar 22 2015 03:55:57 GMT+0000 (UTC) getDuration 1:180000
0object spark undefined Sun Mar 22 2015 04:57:36 GMT+0000 (UTC) setDuration task end
0object spark undefined Sun Mar 22 2015 05:01:30 GMT+0000 (UTC) setDuration task end
0object spark undefined Sun Mar 22 2015 05:02:18 GMT+0000 (UTC) setDuration task end
0object spark undefined Sun Mar 22 2015 05:13:15 GMT+0000 (UTC) setDuration task end
0object spark undefined Sun Mar 22 2015 05:24:39 GMT+0000 (UTC) setDuration task end
0object spark 25 Sun Mar 22 2015 09:12:27 GMT+0000 (UTC) objectOn object on
0object spark 25 Sun Mar 22 2015 09:12:32 GMT+0000 (UTC) getDuration 25:-1
0object spark 25 Sun Mar 22 2015 09:13:52 GMT+0000 (UTC) objectOn object on
0object spark 25 Sun Mar 22 2015 09:13:58 GMT+0000 (UTC) objectOn object on
0object spark 25 Sun Mar 22 2015 09:14:03 GMT+0000 (UTC) objectOn object on
0object spark 25 Sun Mar 22 2015 09:14:07 GMT+0000 (UTC) getDuration 25:-1
0object spark 25 Sun Mar 22 2015 09:23:47 GMT+0000 (UTC) objectOn object on
0object spark 25 Sun Mar 22 2015 09:23:52 GMT+0000 (UTC) getDuration 25:-1
0object spark 25 Sun Mar 22 2015 09:23:57 GMT+0000 (UTC) getDuration 25:-1
0object spark 25 Sun Mar 22 2015 09:34:01 GMT+0000 (UTC) objectOn object on
0object spark 25 Sun Mar 22 2015 09:34:06 GMT+0000 (UTC) getDuration 25:-1
0object spark 25 Sun Mar 22 2015 09:41:37 GMT+0000 (UTC) objectOn object on
0object spark 25 Sun Mar 22 2015 09:41:42 GMT+0000 (UTC) objectOn object on
0object spark 25 Sun Mar 22 2015 09:41:47 GMT+0000 (UTC) getDuration 25:-1
0object spark 25 Sun Mar 22 2015 09:47:20 GMT+0000 (UTC) objectOn object on
0object spark 25 Sun Mar 22 2015 09:47:25 GMT+0000 (UTC) getDuration 25:-1
0object spark 25 Sun Mar 22 2015 09:57:48 GMT+0000 (UTC) objectOn object on
0object spark 25 Sun Mar 22 2015 09:57:53 GMT+0000 (UTC) getDuration 25:-1
0object spark 25 Sun Mar 22 2015 10:00:46 GMT+0000 (UTC) objectOn object on
0object spark 25 Sun Mar 22 2015 10:00:51 GMT+0000 (UTC) getDuration 25:-1
0object spark 25 Sun Mar 22 2015 10:12:28 GMT+0000 (UTC) objectOn object on
0object spark 25 Sun Mar 22 2015 10:12:33 GMT+0000 (UTC) getDuration 25:-1
0object spark 25 Sun Mar 22 2015 10:13:07 GMT+0000 (UTC) objectOn object on
0object spark 25 Sun Mar 22 2015 10:13:12 GMT+0000 (UTC) objectOn object on
0object spark 25 Sun Mar 22 2015 10:13:17 GMT+0000 (UTC) getDuration 25:-1
0object spark 25 Sun Mar 22 2015 10:16:31 GMT+0000 (UTC) objectOn object on
0object spark 25 Sun Mar 22 2015 10:16:36 GMT+0000 (UTC) getDuration 25:-1
0object spark 25 Sun Mar 22 2015 10:17:34 GMT+0000 (UTC) objectOn object on
0object spark 25 Sun Mar 22 2015 10:17:39 GMT+0000 (UTC) getDuration 25:-1
0object spark 25 Sun Mar 22 2015 10:18:29 GMT+0000 (UTC) objectOn object on
0object spark 25 Sun Mar 22 2015 10:18:35 GMT+0000 (UTC) getDuration 25:-1
0object spark 25 Sun Mar 22 2015 10:18:39 GMT+0000 (UTC) getDuration 25:-1
0object spark 25 Sun Mar 22 2015 10:19:36 GMT+0000 (UTC) objectOn object on
0object spark 25 Sun Mar 22 2015 10:19:40 GMT+0000 (UTC) getDuration 25:-1
0object spark 25 Sun Mar 22 2015 10:20:40 GMT+0000 (UTC) objectOn object on
0object spark 25 Sun Mar 22 2015 10:20:45 GMT+0000 (UTC) getDuration 25:-1
0object spark 25 Sun Mar 22 2015 10:22:06 GMT+0000 (UTC) objectOn object on
0object spark 25 Sun Mar 22 2015 10:22:11 GMT+0000 (UTC) objectOn object on
0object spark 25 Sun Mar 22 2015 10:22:16 GMT+0000 (UTC) getDuration 25:-1
0object spark 25 Sun Mar 22 2015 16:10:05 GMT+0000 (UTC) objectOn object on
0object spark 25 Sun Mar 22 2015 16:10:10 GMT+0000 (UTC) objectOn object on
0object spark 25 Sun Mar 22 2015 16:10:15 GMT+0000 (UTC) getDuration 25:-1
0object spark 25 Sun Mar 22 2015 16:10:20 GMT+0000 (UTC) getDuration 25:-1
0object spark 25 Sun Mar 22 2015 16:12:52 GMT+0000 (UTC) objectOn object on
0object spark 25 Sun Mar 22 2015 16:12:57 GMT+0000 (UTC) getDuration 25:-1
0object spark 25 Sun Mar 22 2015 16:14:38 GMT+0000 (UTC) objectOn object on
0object spark 25 Sun Mar 22 2015 16:14:43 GMT+0000 (UTC) getDuration 25:-1
0object spark 25 Sun Mar 22 2015 16:15:30 GMT+0000 (UTC) objectOn object on
0object spark 25 Sun Mar 22 2015 16:15:36 GMT+0000 (UTC) getDuration 25:-1
0object spark 25 Sun Mar 22 2015 16:20:39 GMT+0000 (UTC) objectOn object on
0object spark 25 Sun Mar 22 2015 16:21:23 GMT+0000 (UTC) objectOn object on
0object spark 25 Sun Mar 22 2015 16:21:28 GMT+0000 (UTC) getDuration 25:-1
0object spark 25 Sun Mar 22 2015 17:23:28 GMT+0000 (UTC) objectOn object on
0object spark 25 Sun Mar 22 2015 17:28:39 GMT+0000 (UTC) objectOn object on
0object spark 25 Sun Mar 22 2015 17:28:44 GMT+0000 (UTC) objectOn object on
0object spark 25 Sun Mar 22 2015 17:28:49 GMT+0000 (UTC) getDuration 25:-1
0object spark 25 Sun Mar 22 2015 17:28:54 GMT+0000 (UTC) getDuration 25:-1
0object spark 25 Sun Mar 22 2015 17:36:37 GMT+0000 (UTC) objectOn object on
0object spark 25 Sun Mar 22 2015 17:36:42 GMT+0000 (UTC) objectOn object on
0object spark 25 Sun Mar 22 2015 17:36:47 GMT+0000 (UTC) getDuration 25:-1
0object spark 25 Sun Mar 22 2015 17:37:18 GMT+0000 (UTC) objectOn object on
0object spark 25 Sun Mar 22 2015 17:37:23 GMT+0000 (UTC) getDuration 25:-1
0object spark 2 Mon Mar 23 2015 03:54:47 GMT+0000 (UTC) objectOn object on
0object spark 1 Mon Mar 23 2015 03:54:50 GMT+0000 (UTC) objectOn object on
0object spark 5 Mon Mar 23 2015 03:54:51 GMT+0000 (UTC) objectOn object on
0object spark 2 Mon Mar 23 2015 03:54:53 GMT+0000 (UTC) getDuration 2:240000
0object spark 1 Mon Mar 23 2015 03:54:55 GMT+0000 (UTC) getDuration 1:180000
0object spark 5 Mon Mar 23 2015 03:54:56 GMT+0000 (UTC) getDuration 5:600000
0object spark 4 Mon Mar 23 2015 03:55:28 GMT+0000 (UTC) objectOn object on
0object spark 4 Mon Mar 23 2015 03:55:33 GMT+0000 (UTC) getDuration 4:600000
0object spark 3 Mon Mar 23 2015 04:19:47 GMT+0000 (UTC) objectOn object on
0object spark 3 Mon Mar 23 2015 04:19:54 GMT+0000 (UTC) getDuration 3:480000
0object spark undefined Mon Mar 23 2015 04:43:56 GMT+0000 (UTC) setDuration task end
0object spark undefined Mon Mar 23 2015 04:55:22 GMT+0000 (UTC) setDuration task end
0object spark undefined Mon Mar 23 2015 05:10:25 GMT+0000 (UTC) setDuration task end
0object spark undefined Mon Mar 23 2015 05:23:14 GMT+0000 (UTC) setDuration task end
0object spark undefined Mon Mar 23 2015 05:39:53 GMT+0000 (UTC) setDuration task end
0object spark 1 Mon Mar 23 2015 09:08:12 GMT+0000 (UTC) objectOn object on
0object spark 1 Mon Mar 23 2015 09:08:17 GMT+0000 (UTC) objectOn object on
0object spark 1 Mon Mar 23 2015 09:08:23 GMT+0000 (UTC) getDuration 1:-1
0object spark 2 Mon Mar 23 2015 09:09:20 GMT+0000 (UTC) objectOn object on
0object spark 2 Mon Mar 23 2015 09:09:24 GMT+0000 (UTC) getDuration 2:-1
0object spark 3 Mon Mar 23 2015 09:11:36 GMT+0000 (UTC) objectOn object on
0object spark 3 Mon Mar 23 2015 09:11:41 GMT+0000 (UTC) getDuration 3:-1
0object spark 3 Mon Mar 23 2015 09:11:46 GMT+0000 (UTC) getDuration 3:-1
0object spark 4 Mon Mar 23 2015 09:12:50 GMT+0000 (UTC) objectOn object on
0object spark 4 Mon Mar 23 2015 09:12:56 GMT+0000 (UTC) getDuration 4:-1
0object spark 5 Mon Mar 23 2015 09:13:40 GMT+0000 (UTC) objectOn object on
0object spark 5 Mon Mar 23 2015 09:13:45 GMT+0000 (UTC) getDuration 5:-1
0User oshribin Mon Mar 23 2015 22:04:50 GMT+0200 (IST) login connected
0object spark 1 Mon Mar 23 2015 22:05:49 GMT+0200 (IST) setDuration task end
0object spark 2 Tue Mar 24 2015 00:01:18 GMT+0200 (IST) getDuration 2:-1
0object spark 3 Tue Mar 24 2015 00:01:22 GMT+0200 (IST) getDuration 3:-1
0User oshribin Tue Mar 24 2015 00:12:08 GMT+0200 (IST) login connected
0object spark 2 Tue Mar 24 2015 00:13:18 GMT+0200 (IST) getDuration 2:-1
0object spark 3 Tue Mar 24 2015 00:13:52 GMT+0200 (IST) getDuration 3:-1
0User oshribin Tue Mar 24 2015 00:14:09 GMT+0200 (IST) goOut go Out
0object spark 2 Tue Mar 24 2015 00:15:15 GMT+0200 (IST) getDuration 2:120000
0object spark 1 Tue Mar 24 2015 00:15:22 GMT+0200 (IST) setDuration task end
