oren have been connected successfully  Fri Jan 09 2015 15:14:44 GMT+0000 (UTC)
oren have been connected successfully  Fri Jan 09 2015 15:14:54 GMT+0000 (UTC)
oren have been connected successfully  Fri Jan 09 2015 15:16:40 GMT+0000 (UTC)
oren have been connected successfully  Fri Jan 09 2015 15:48:21 GMT+0000 (UTC)
oren have been connected successfully  Fri Jan 09 2015 15:50:12 GMT+0000 (UTC)
oren update the task: לצחצח שיניים ולהתארגן to object number: null Fri Jan 09 2015 15:50:24 GMT+0000 (UTC)
oren update the task: להתלבש to object number: null Fri Jan 09 2015 15:50:24 GMT+0000 (UTC)
oren update the task: לאכול to object number: null Fri Jan 09 2015 15:50:24 GMT+0000 (UTC)
oren update the task: לאכול to object number: null Fri Jan 09 2015 15:50:39 GMT+0000 (UTC)
oren update the task: להתלבש to object number: null Fri Jan 09 2015 15:50:39 GMT+0000 (UTC)
oren update the task: לצחצח שיניים ולהתארגן to object number: null Fri Jan 09 2015 15:50:39 GMT+0000 (UTC)
oren update the task: לצחצח שיניים ולהתארגן to object number: 2 Fri Jan 09 2015 15:51:52 GMT+0000 (UTC)
oren update the task: לאכול to object number: 3 Fri Jan 09 2015 15:51:52 GMT+0000 (UTC)
oren update the task: להתלבש to object number: 1 Fri Jan 09 2015 15:51:52 GMT+0000 (UTC)
oren update the task: לצחצח שיניים ולהתארגן to object number: 2 Fri Jan 09 2015 15:52:40 GMT+0000 (UTC)
oren update the task: להתלבש to object number: 1 Fri Jan 09 2015 15:52:40 GMT+0000 (UTC)
oren update the task: לאכול to object number: 3 Fri Jan 09 2015 15:52:40 GMT+0000 (UTC)
oren have been connected successfully  Fri Jan 09 2015 15:54:04 GMT+0000 (UTC)
oren have been connected successfully  Fri Jan 09 2015 15:54:18 GMT+0000 (UTC)
oren have been connected successfully  Fri Jan 09 2015 15:54:28 GMT+0000 (UTC)
oren update the task: לאכול to object number: 3 Fri Jan 09 2015 15:54:58 GMT+0000 (UTC)
oren update the task: לצחצח שיניים ולהתארגן to object number: 2 Fri Jan 09 2015 15:54:58 GMT+0000 (UTC)
oren update the task: להתלבש to object number: 1 Fri Jan 09 2015 15:54:58 GMT+0000 (UTC)
oren update the task: לצחצח שיניים ולהתארגן to object number: 2 Fri Jan 09 2015 15:55:20 GMT+0000 (UTC)
oren update the task: לאכול to object number: 3 Fri Jan 09 2015 15:55:20 GMT+0000 (UTC)
oren update the task: להתלבש to object number: 1 Fri Jan 09 2015 15:55:20 GMT+0000 (UTC)
oren update the task: לצחצח שיניים ולהתארגן to object number: 2 Fri Jan 09 2015 15:56:20 GMT+0000 (UTC)
oren update the task: לאכול to object number: 3 Fri Jan 09 2015 15:56:20 GMT+0000 (UTC)
oren update the task: להתלבש to object number: 1 Fri Jan 09 2015 15:56:20 GMT+0000 (UTC)
oren update the task: לצחצח שיניים ולהתארגן to object number: 2 Fri Jan 09 2015 15:56:40 GMT+0000 (UTC)
oren update the task: לאכול to object number: 3 Fri Jan 09 2015 15:56:40 GMT+0000 (UTC)
oren update the task: להתלבש to object number: 1 Fri Jan 09 2015 15:56:40 GMT+0000 (UTC)
oren have been connected successfully  Fri Jan 09 2015 16:14:13 GMT+0000 (UTC)
oren have been connected successfully  Fri Jan 09 2015 16:16:05 GMT+0000 (UTC)
oren have been connected successfully  Fri Jan 09 2015 16:17:51 GMT+0000 (UTC)
oren have been connected successfully  Fri Jan 09 2015 16:18:14 GMT+0000 (UTC)
oren update the task: לצחצח שיניים ולהתארגן to object number: 2 Fri Jan 09 2015 16:32:48 GMT+0000 (UTC)
oren update the task: לאכול to object number: 3 Fri Jan 09 2015 16:32:48 GMT+0000 (UTC)
oren update the task: להתלבש to object number: 1 Fri Jan 09 2015 16:32:48 GMT+0000 (UTC)
oren have been connected successfully  Fri Jan 09 2015 16:39:43 GMT+0000 (UTC)
oren update the task: לצחצח שיניים ולהתארגן to object number: 2 Fri Jan 09 2015 16:40:04 GMT+0000 (UTC)
oren update the task: לאכול to object number: 3 Fri Jan 09 2015 16:40:04 GMT+0000 (UTC)
oren update the task: להתלבש to object number: 1 Fri Jan 09 2015 16:40:04 GMT+0000 (UTC)
oren update the task: לצחצח שיניים ולהתארגן to object number: 2 Sat Jan 10 2015 16:50:44 GMT+0000 (UTC)
oren update the task: לאכול to object number: 3 Sat Jan 10 2015 16:50:44 GMT+0000 (UTC)
oren update the task: להתלבש to object number: 1 Sat Jan 10 2015 16:50:44 GMT+0000 (UTC)
oren have been connected successfully  Sun Jan 11 2015 07:45:45 GMT+0000 (UTC)
oren have been connected successfully  Sun Jan 11 2015 07:46:04 GMT+0000 (UTC)
oren update the task: לצחצח שיניים ולהתארגן to object number: null Sun Jan 11 2015 07:46:52 GMT+0000 (UTC)
oren update the task: לאכול to object number: null Sun Jan 11 2015 07:46:52 GMT+0000 (UTC)
oren update the task: להתלבש to object number: null Sun Jan 11 2015 07:46:52 GMT+0000 (UTC)
oren update the task: להכין תיק to object number: null Sun Jan 11 2015 07:46:52 GMT+0000 (UTC)
oren update the task: לתת אוכל למוקי to object number: null Sun Jan 11 2015 07:46:52 GMT+0000 (UTC)
oren update the task: לקחת מפתח to object number: null Sun Jan 11 2015 07:46:52 GMT+0000 (UTC)
oren update the task: להכין תיק to object number: 1 Sun Jan 11 2015 07:47:45 GMT+0000 (UTC)
oren update the task: לקחת מפתח to object number: 2 Sun Jan 11 2015 07:47:45 GMT+0000 (UTC)
oren update the task: לתת אוכל למוקי to object number: 3 Sun Jan 11 2015 07:47:45 GMT+0000 (UTC)
oren update the task: לצחצח שיניים ולהתארגן to object number: null Sun Jan 11 2015 07:48:20 GMT+0000 (UTC)
oren update the task: לאכול to object number: null Sun Jan 11 2015 07:48:20 GMT+0000 (UTC)
oren update the task: להתלבש to object number: null Sun Jan 11 2015 07:48:20 GMT+0000 (UTC)
oren update the task: לתת אוכל למוקי to object number: 3 Sun Jan 11 2015 07:48:20 GMT+0000 (UTC)
oren update the task: להכין תיק to object number: 1 Sun Jan 11 2015 07:48:21 GMT+0000 (UTC)
oren update the task: לקחת מפתח to object number: 2 Sun Jan 11 2015 07:48:21 GMT+0000 (UTC)
oren update the task: לצחצח שיניים ולהתארגן to object number: 2 Sun Jan 11 2015 07:49:00 GMT+0000 (UTC)
oren update the task: לאכול to object number: 3 Sun Jan 11 2015 07:49:02 GMT+0000 (UTC)
oren update the task: להכין תיק to object number: 5 Sun Jan 11 2015 07:49:03 GMT+0000 (UTC)
oren update the task: להתלבש to object number: 1 Sun Jan 11 2015 07:49:03 GMT+0000 (UTC)
oren update the task: לתת אוכל למוקי to object number: 4 Sun Jan 11 2015 07:49:04 GMT+0000 (UTC)
oren update the task: לקחת מפתח to object number: 6 Sun Jan 11 2015 07:49:04 GMT+0000 (UTC)
oren have been connected successfully  Mon Jan 12 2015 08:19:20 GMT+0000 (UTC)
oren have been connected successfully  Mon Jan 12 2015 08:22:19 GMT+0000 (UTC)
oren have been connected successfully  Mon Jan 12 2015 08:25:15 GMT+0000 (UTC)
ליה have been connected successfully  Mon Jan 12 2015 08:25:59 GMT+0000 (UTC)
ליה have been connected successfully  Mon Jan 12 2015 08:27:40 GMT+0000 (UTC)
ליה have been connected successfully  Mon Jan 12 2015 11:46:07 GMT+0000 (UTC)
ליה have been connected successfully  Mon Jan 12 2015 11:46:22 GMT+0000 (UTC)
ליה have been connected successfully  Mon Jan 12 2015 11:46:33 GMT+0000 (UTC)
ליה have been connected successfully  Mon Jan 12 2015 11:47:26 GMT+0000 (UTC)
ליה have been connected successfully  Mon Jan 12 2015 11:49:29 GMT+0000 (UTC)
ליה have been connected successfully  Mon Jan 12 2015 11:49:43 GMT+0000 (UTC)
ליה have been connected successfully  Mon Jan 12 2015 11:50:32 GMT+0000 (UTC)
ליה have been connected successfully  Mon Jan 12 2015 12:06:05 GMT+0000 (UTC)
ליה have been connected successfully  Mon Jan 12 2015 18:57:43 GMT+0000 (UTC)
ליה update the task: להיתלבש to object number: null Mon Jan 12 2015 19:05:13 GMT+0000 (UTC)
ליה update the task: להיתארגן to object number: null Mon Jan 12 2015 19:05:13 GMT+0000 (UTC)
ליה update the task: לבדוק שיש הכל to object number: null Mon Jan 12 2015 19:05:14 GMT+0000 (UTC)
ליה update the task: לצחצח שיניים to object number: null Mon Jan 12 2015 19:05:14 GMT+0000 (UTC)
ליה update the task: לאכול ולקחת ריטלין to object number: null Mon Jan 12 2015 19:05:14 GMT+0000 (UTC)
ליה update the task: להיתארגן to object number: null Mon Jan 12 2015 19:07:02 GMT+0000 (UTC)
ליה update the task: לאכול ולקחת ריטלין to object number: null Mon Jan 12 2015 19:07:02 GMT+0000 (UTC)
ליה update the task: לצחצח שיניים to object number: null Mon Jan 12 2015 19:07:02 GMT+0000 (UTC)
ליה update the task: לבדוק שיש הכל to object number: null Mon Jan 12 2015 19:07:02 GMT+0000 (UTC)
ליה update the task: להיתקלח to object number: null Mon Jan 12 2015 19:07:02 GMT+0000 (UTC)
ליה update the task: להיתלבש to object number: null Mon Jan 12 2015 19:07:02 GMT+0000 (UTC)
ליה update the task: להיתלבש to object number: 1 Mon Jan 12 2015 19:10:59 GMT+0000 (UTC)
ליה update the task: להיתארגן to object number: 2 Mon Jan 12 2015 19:10:59 GMT+0000 (UTC)
ליה update the task: לבדוק שיש הכל to object number: 3 Mon Jan 12 2015 19:11:00 GMT+0000 (UTC)
ליה update the task: לצחצח שיניים to object number: 4 Mon Jan 12 2015 19:11:00 GMT+0000 (UTC)
ליה update the task: לאכול ולקחת ריטלין to object number: 5 Mon Jan 12 2015 19:11:00 GMT+0000 (UTC)
ליה update the task: להיתקלח to object number: 6 Mon Jan 12 2015 19:11:00 GMT+0000 (UTC)
ליה have been connected successfully  Mon Jan 12 2015 19:15:04 GMT+0000 (UTC)
ליה have been connected successfully  Mon Jan 12 2015 19:15:06 GMT+0000 (UTC)
ליה have been connected successfully  Mon Jan 12 2015 19:21:36 GMT+0000 (UTC)
ליה have been connected successfully  Tue Jan 13 2015 04:47:43 GMT+0000 (UTC)
ליה have been connected successfully  Tue Jan 13 2015 05:23:33 GMT+0000 (UTC)
ליה have been connected successfully  Tue Jan 13 2015 09:29:51 GMT+0000 (UTC)
ליה have been connected successfully  Tue Jan 13 2015 09:30:01 GMT+0000 (UTC)
ליה have been connected successfully  Tue Jan 13 2015 14:10:01 GMT+0000 (UTC)
ליה have been connected successfully  Tue Jan 13 2015 14:10:13 GMT+0000 (UTC)
ליה have been connected successfully  Tue Jan 13 2015 14:34:06 GMT+0000 (UTC)
ליה have been connected successfully  Tue Jan 13 2015 14:34:23 GMT+0000 (UTC)
ליה have been connected successfully  Wed Jan 14 2015 10:23:01 GMT+0000 (UTC)
ליה have been connected successfully  Wed Jan 14 2015 10:24:46 GMT+0000 (UTC)
ליה have been connected successfully  Wed Jan 14 2015 20:23:51 GMT+0000 (UTC)
ליה update the task: לבדוק שיש הכל to object number: 3 Wed Jan 14 2015 20:25:36 GMT+0000 (UTC)
ליה update the task: לצחצח שיניים to object number: 4 Wed Jan 14 2015 20:25:36 GMT+0000 (UTC)
ליה update the task: לאכול ולקחת ריטלין to object number: 5 Wed Jan 14 2015 20:25:37 GMT+0000 (UTC)
ליה update the task: להיתלבש to object number: 1 Wed Jan 14 2015 20:25:37 GMT+0000 (UTC)
ליה update the task: להיתארגן to object number: 2 Wed Jan 14 2015 20:25:38 GMT+0000 (UTC)
ליה update the task: להיתקלח to object number: 6 Wed Jan 14 2015 20:25:38 GMT+0000 (UTC)
ליה have been connected successfully  Wed Jan 14 2015 20:26:13 GMT+0000 (UTC)
ליה have been connected successfully  Wed Jan 14 2015 20:26:25 GMT+0000 (UTC)
ליה have been connected successfully  Thu Jan 15 2015 12:55:58 GMT+0000 (UTC)
ליה have been connected successfully  Thu Jan 15 2015 12:56:12 GMT+0000 (UTC)
ליה have been connected successfully  Thu Jan 15 2015 14:36:38 GMT+0000 (UTC)
ליה have been connected successfully  Thu Jan 15 2015 14:37:15 GMT+0000 (UTC)
ליה have been connected successfully  Thu Jan 15 2015 14:37:36 GMT+0000 (UTC)
ליה have been connected successfully  Thu Jan 15 2015 14:37:46 GMT+0000 (UTC)
ליה have been connected successfully  Thu Jan 15 2015 14:37:46 GMT+0000 (UTC)
ליה have been connected successfully  Thu Jan 15 2015 14:38:14 GMT+0000 (UTC)
ליה update the task: לבדוק שיש הכל to object number: 3 Thu Jan 15 2015 14:39:14 GMT+0000 (UTC)
ליה update the task: להיתארגן to object number: 2 Thu Jan 15 2015 14:39:14 GMT+0000 (UTC)
ליה update the task: להיתלבש to object number: 1 Thu Jan 15 2015 14:39:14 GMT+0000 (UTC)
ליה update the task: לאכול ולקחת ריטלין to object number: 5 Thu Jan 15 2015 14:39:14 GMT+0000 (UTC)
ליה update the task: להיתקלח to object number: 6 Thu Jan 15 2015 14:39:14 GMT+0000 (UTC)
ליה update the task: לצחצח שיניים to object number: 4 Thu Jan 15 2015 14:39:14 GMT+0000 (UTC)
ליה update the task: להיתלבש to object number: 1 Thu Jan 15 2015 14:39:34 GMT+0000 (UTC)
ליה update the task: לאכול ולקחת ריטלין to object number: 5 Thu Jan 15 2015 14:39:34 GMT+0000 (UTC)
ליה update the task: לצחצח שיניים to object number: 4 Thu Jan 15 2015 14:39:34 GMT+0000 (UTC)
ליה update the task: להיתארגן to object number: 2 Thu Jan 15 2015 14:39:34 GMT+0000 (UTC)
ליה update the task: להיתקלח to object number: 6 Thu Jan 15 2015 14:39:34 GMT+0000 (UTC)
ליה update the task: לבדוק שיש הכל to object number: 3 Thu Jan 15 2015 14:39:34 GMT+0000 (UTC)
ליה have been connected successfully  Thu Jan 15 2015 14:40:04 GMT+0000 (UTC)
ליה have been connected successfully  Thu Jan 15 2015 14:40:26 GMT+0000 (UTC)
ליה update the task: להיתארגן to object number: 2 Thu Jan 15 2015 14:42:46 GMT+0000 (UTC)
ליה update the task: להיתלבש to object number: null Thu Jan 15 2015 14:42:46 GMT+0000 (UTC)
ליה update the task: להיתקלח to object number: 6 Thu Jan 15 2015 14:42:46 GMT+0000 (UTC)
ליה update the task: לאכול ולקחת ריטלין to object number: null Thu Jan 15 2015 14:42:46 GMT+0000 (UTC)
ליה update the task: לצחצח שיניים to object number: null Thu Jan 15 2015 14:42:46 GMT+0000 (UTC)
ליה update the task: להיתארגן to object number: 2 Thu Jan 15 2015 14:42:46 GMT+0000 (UTC)
ליה update the task: להיתלבש to object number: null Thu Jan 15 2015 14:42:46 GMT+0000 (UTC)
ליה update the task: להיתקלח to object number: 6 Thu Jan 15 2015 14:42:46 GMT+0000 (UTC)
ליה update the task: לאכול ולקחת ריטלין to object number: null Thu Jan 15 2015 14:42:46 GMT+0000 (UTC)
ליה update the task: לצחצח שיניים to object number: null Thu Jan 15 2015 14:42:47 GMT+0000 (UTC)
ליה update the task: להיתקלח to object number: 6 Thu Jan 15 2015 14:45:36 GMT+0000 (UTC)
ליה update the task: להיתלבש to object number: 1 Thu Jan 15 2015 14:45:36 GMT+0000 (UTC)
ליה update the task: להיתארגן to object number: 2 Thu Jan 15 2015 14:45:36 GMT+0000 (UTC)
ליה update the task: לאכול ולקחת ריטלין to object number: 3 Thu Jan 15 2015 14:45:36 GMT+0000 (UTC)
ליה update the task: לצחצח שיניים to object number: 4 Thu Jan 15 2015 14:45:36 GMT+0000 (UTC)
ליה have been connected successfully  Thu Jan 15 2015 17:01:55 GMT+0000 (UTC)
ליה have been connected successfully  Thu Jan 15 2015 17:02:20 GMT+0000 (UTC)
ליה have been connected successfully  Fri Jan 16 2015 04:53:53 GMT+0000 (UTC)
ליה update the task: להיתקלח to object number: 6 Fri Jan 16 2015 05:31:06 GMT+0000 (UTC)
ליה update the task: לאכול ולקחת ריטלין to object number: 1 Fri Jan 16 2015 05:31:06 GMT+0000 (UTC)
ליה update the task: להיתלבש to object number: 4 Fri Jan 16 2015 05:31:06 GMT+0000 (UTC)
ליה update the task: להיתארגן to object number: 2 Fri Jan 16 2015 05:31:06 GMT+0000 (UTC)
ליה update the task: לצחצח שיניים to object number: 3 Fri Jan 16 2015 05:31:06 GMT+0000 (UTC)
ליה update the task: לאכול ולקחת ריטלין to object number: 1 Sat Jan 17 2015 20:51:46 GMT+0000 (UTC)
ליה update the task: להיתלבש to object number: 4 Sat Jan 17 2015 20:51:46 GMT+0000 (UTC)
ליה update the task: לאכול ולקחת ריטלין to object number: 1 Sat Jan 17 2015 20:51:53 GMT+0000 (UTC)
ליה update the task: להיתארגן to object number: 2 Sat Jan 17 2015 20:53:18 GMT+0000 (UTC)
ליה update the task: להיתקלח to object number: 6 Sat Jan 17 2015 20:53:18 GMT+0000 (UTC)
ליה update the task: לצחצח שיניים to object number: 3 Sat Jan 17 2015 20:53:18 GMT+0000 (UTC)
ליה update the task: להיתלבש to object number: 4 Sat Jan 17 2015 20:53:18 GMT+0000 (UTC)
ליה update the task: להיתארגן to object number: 2 Sat Jan 17 2015 20:53:18 GMT+0000 (UTC)
ליה update the task: להיתקלח to object number: 6 Sat Jan 17 2015 20:53:18 GMT+0000 (UTC)
ליה update the task: לאכול ולקחת ריטלין to object number: 1 Sat Jan 17 2015 20:53:19 GMT+0000 (UTC)
ליה update the task: לצחצח שיניים to object number: 3 Sat Jan 17 2015 20:53:19 GMT+0000 (UTC)
ליה update the task: להיתלבש to object number: 4 Sat Jan 17 2015 20:53:19 GMT+0000 (UTC)
ליה update the task: להיתארגן to object number: 2 Sat Jan 17 2015 20:53:20 GMT+0000 (UTC)
ליה update the task: להיתקלח to object number: 6 Sat Jan 17 2015 20:53:20 GMT+0000 (UTC)
ליה update the task: לאכול ולקחת ריטלין to object number: 1 Sat Jan 17 2015 20:53:20 GMT+0000 (UTC)
ליה update the task: לצחצח שיניים to object number: 3 Sat Jan 17 2015 20:53:20 GMT+0000 (UTC)
ליה update the task: להיתלבש to object number: 4 Sat Jan 17 2015 20:53:20 GMT+0000 (UTC)
ליה update the task: להיתקלח to object number: 6 Sat Jan 17 2015 20:53:21 GMT+0000 (UTC)
ליה update the task: להיתארגן to object number: 2 Sat Jan 17 2015 20:53:21 GMT+0000 (UTC)
ליה update the task: לאכול ולקחת ריטלין to object number: 1 Sat Jan 17 2015 20:53:23 GMT+0000 (UTC)
ליה update the task: לצחצח שיניים to object number: 3 Sat Jan 17 2015 20:53:23 GMT+0000 (UTC)
ליה update the task: להיתלבש to object number: 4 Sat Jan 17 2015 20:53:24 GMT+0000 (UTC)
ליה update the task: להיתארגן to object number: 2 Sat Jan 17 2015 20:53:24 GMT+0000 (UTC)
ליה update the task: להיתקלח to object number: 6 Sat Jan 17 2015 20:53:24 GMT+0000 (UTC)
ליה update the task: לאכול ולקחת ריטלין to object number: 1 Sat Jan 17 2015 20:53:25 GMT+0000 (UTC)
ליה update the task: להיתלבש to object number: 4 Sat Jan 17 2015 20:53:25 GMT+0000 (UTC)
ליה update the task: להיתארגן to object number: 2 Sat Jan 17 2015 20:53:26 GMT+0000 (UTC)
ליה update the task: להיתקלח to object number: 6 Sat Jan 17 2015 20:53:26 GMT+0000 (UTC)
ליה update the task: לצחצח שיניים to object number: 3 Sat Jan 17 2015 20:53:26 GMT+0000 (UTC)
ליה update the task: לאכול ולקחת ריטלין to object number: 1 Sat Jan 17 2015 20:53:26 GMT+0000 (UTC)
ליה update the task: לצחצח שיניים to object number: 3 Sat Jan 17 2015 20:53:26 GMT+0000 (UTC)
ליה update the task: להיתלבש to object number: 4 Sat Jan 17 2015 20:53:27 GMT+0000 (UTC)
ליה update the task: להיתארגן to object number: 2 Sat Jan 17 2015 20:53:27 GMT+0000 (UTC)
ליה update the task: לאכול ולקחת ריטלין to object number: 1 Sat Jan 17 2015 20:53:28 GMT+0000 (UTC)
ליה update the task: להיתקלח to object number: 6 Sat Jan 17 2015 20:53:28 GMT+0000 (UTC)
ליה update the task: לצחצח שיניים to object number: 3 Sat Jan 17 2015 20:53:28 GMT+0000 (UTC)
ליה update the task: להיתלבש to object number: 4 Sat Jan 17 2015 20:53:29 GMT+0000 (UTC)
ליה update the task: להיתקלח to object number: 6 Sat Jan 17 2015 20:53:29 GMT+0000 (UTC)
ליה update the task: להיתארגן to object number: 2 Sat Jan 17 2015 20:53:29 GMT+0000 (UTC)
ליה update the task: לצחצח שיניים to object number: 3 Sat Jan 17 2015 20:53:30 GMT+0000 (UTC)
ליה update the task: לאכול ולקחת ריטלין to object number: 1 Sat Jan 17 2015 20:53:31 GMT+0000 (UTC)
ליה update the task: להיתלבש to object number: 4 Sat Jan 17 2015 20:53:31 GMT+0000 (UTC)
ליה update the task: לאכול ולקחת ריטלין to object number: 1 Sat Jan 17 2015 20:53:33 GMT+0000 (UTC)
ליה update the task: להיתקלח to object number: 6 Sat Jan 17 2015 20:53:35 GMT+0000 (UTC)
ליה update the task: להיתלבש to object number: 4 Sat Jan 17 2015 20:53:36 GMT+0000 (UTC)
ליה update the task: להיתארגן to object number: 2 Sat Jan 17 2015 20:53:40 GMT+0000 (UTC)
ליה update the task: לאכול ולקחת ריטלין to object number: 1 Sat Jan 17 2015 20:53:49 GMT+0000 (UTC)
ליה update the task: להיתקלח to object number: 6 Sat Jan 17 2015 20:53:51 GMT+0000 (UTC)
ליה update the task: להיתקלח to object number: 6 Sat Jan 17 2015 20:54:22 GMT+0000 (UTC)
ליה update the task: לאכול ולקחת ריטלין to object number: 1 Sat Jan 17 2015 20:54:23 GMT+0000 (UTC)
ליה update the task: לצחצח שיניים to object number: 3 Sat Jan 17 2015 20:54:27 GMT+0000 (UTC)
ליה update the task: להיתלבש to object number: 4 Sat Jan 17 2015 20:54:27 GMT+0000 (UTC)
ליה update the task: להיתלבש to object number: 4 Sat Jan 17 2015 20:54:27 GMT+0000 (UTC)
ליה update the task: להיתארגן to object number: 2 Sat Jan 17 2015 20:54:28 GMT+0000 (UTC)
ליה update the task: לאכול ולקחת ריטלין to object number: 1 Sat Jan 17 2015 20:54:30 GMT+0000 (UTC)
ליה update the task: להיתקלח to object number: 6 Sat Jan 17 2015 20:54:30 GMT+0000 (UTC)
ליה update the task: לצחצח שיניים to object number: 3 Sat Jan 17 2015 20:54:31 GMT+0000 (UTC)
ליה update the task: לצחצח שיניים to object number: 3 Sat Jan 17 2015 20:54:31 GMT+0000 (UTC)
ליה update the task: להיתקלח to object number: 6 Sat Jan 17 2015 20:54:33 GMT+0000 (UTC)
ליה update the task: להיתארגן to object number: 2 Sat Jan 17 2015 20:54:33 GMT+0000 (UTC)
ליה update the task: להיתלבש to object number: 4 Sat Jan 17 2015 20:54:33 GMT+0000 (UTC)
ליה update the task: לאכול ולקחת ריטלין to object number: 1 Sat Jan 17 2015 20:54:33 GMT+0000 (UTC)
ליה update the task: לצחצח שיניים to object number: 3 Sat Jan 17 2015 20:54:33 GMT+0000 (UTC)
ליה update the task: לצחצח שיניים to object number: 3 Sat Jan 17 2015 20:54:33 GMT+0000 (UTC)
ליה update the task: להיתלבש to object number: 4 Sat Jan 17 2015 20:54:33 GMT+0000 (UTC)
ליה update the task: להיתארגן to object number: 2 Sat Jan 17 2015 20:54:34 GMT+0000 (UTC)
ליה update the task: להיתקלח to object number: 6 Sat Jan 17 2015 20:54:34 GMT+0000 (UTC)
ליה update the task: לאכול ולקחת ריטלין to object number: 1 Sat Jan 17 2015 20:54:34 GMT+0000 (UTC)
ליה update the task: לצחצח שיניים to object number: 3 Sat Jan 17 2015 20:54:34 GMT+0000 (UTC)
ליה update the task: להיתלבש to object number: 4 Sat Jan 17 2015 20:54:34 GMT+0000 (UTC)
ליה update the task: להיתארגן to object number: 2 Sat Jan 17 2015 20:54:34 GMT+0000 (UTC)
ליה update the task: להיתקלח to object number: 6 Sat Jan 17 2015 20:54:35 GMT+0000 (UTC)
ליה update the task: לאכול ולקחת ריטלין to object number: 1 Sat Jan 17 2015 20:54:35 GMT+0000 (UTC)
ליה update the task: לצחצח שיניים to object number: 3 Sat Jan 17 2015 20:54:35 GMT+0000 (UTC)
ליה update the task: להיתלבש to object number: 4 Sat Jan 17 2015 20:54:35 GMT+0000 (UTC)
ליה update the task: להיתארגן to object number: 2 Sat Jan 17 2015 20:54:35 GMT+0000 (UTC)
ליה update the task: להיתקלח to object number: 6 Sat Jan 17 2015 20:54:35 GMT+0000 (UTC)
ליה update the task: לצחצח שיניים to object number: 3 Sat Jan 17 2015 20:54:36 GMT+0000 (UTC)
ליה update the task: לאכול ולקחת ריטלין to object number: 1 Sat Jan 17 2015 20:54:36 GMT+0000 (UTC)
ליה update the task: להיתלבש to object number: 4 Sat Jan 17 2015 20:54:36 GMT+0000 (UTC)
ליה update the task: להיתארגן to object number: 2 Sat Jan 17 2015 20:54:36 GMT+0000 (UTC)
ליה update the task: להיתקלח to object number: 6 Sat Jan 17 2015 20:54:36 GMT+0000 (UTC)
ליה update the task: לאכול ולקחת ריטלין to object number: 1 Sat Jan 17 2015 20:54:36 GMT+0000 (UTC)
ליה update the task: לצחצח שיניים to object number: 3 Sat Jan 17 2015 20:54:37 GMT+0000 (UTC)
ליה update the task: להיתלבש to object number: 4 Sat Jan 17 2015 20:54:37 GMT+0000 (UTC)
ליה update the task: להיתארגן to object number: 2 Sat Jan 17 2015 20:54:37 GMT+0000 (UTC)
ליה update the task: להיתקלח to object number: 6 Sat Jan 17 2015 20:54:37 GMT+0000 (UTC)
ליה update the task: לאכול ולקחת ריטלין to object number: 1 Sat Jan 17 2015 20:54:38 GMT+0000 (UTC)
ליה update the task: לצחצח שיניים to object number: 3 Sat Jan 17 2015 20:54:38 GMT+0000 (UTC)
ליה update the task: להיתארגן to object number: 2 Sat Jan 17 2015 20:54:38 GMT+0000 (UTC)
ליה update the task: להיתלבש to object number: 4 Sat Jan 17 2015 20:54:38 GMT+0000 (UTC)
ליה update the task: להיתקלח to object number: 6 Sat Jan 17 2015 20:54:38 GMT+0000 (UTC)
ליה update the task: לאכול ולקחת ריטלין to object number: 1 Sat Jan 17 2015 20:54:38 GMT+0000 (UTC)
ליה update the task: להיתלבש to object number: 4 Sat Jan 17 2015 20:54:39 GMT+0000 (UTC)
ליה update the task: לצחצח שיניים to object number: 3 Sat Jan 17 2015 20:54:39 GMT+0000 (UTC)
ליה update the task: להיתארגן to object number: 2 Sat Jan 17 2015 20:54:39 GMT+0000 (UTC)
ליה update the task: להיתקלח to object number: 6 Sat Jan 17 2015 20:54:39 GMT+0000 (UTC)
ליה update the task: לאכול ולקחת ריטלין to object number: 1 Sat Jan 17 2015 20:54:40 GMT+0000 (UTC)
ליה update the task: לצחצח שיניים to object number: 3 Sat Jan 17 2015 20:54:40 GMT+0000 (UTC)
ליה update the task: להיתלבש to object number: 4 Sat Jan 17 2015 20:54:40 GMT+0000 (UTC)
ליה update the task: להיתארגן to object number: 2 Sat Jan 17 2015 20:54:40 GMT+0000 (UTC)
ליה update the task: להיתקלח to object number: 6 Sat Jan 17 2015 20:54:40 GMT+0000 (UTC)
ליה update the task: לאכול ולקחת ריטלין to object number: 1 Sat Jan 17 2015 20:54:41 GMT+0000 (UTC)
ליה update the task: לצחצח שיניים to object number: 3 Sat Jan 17 2015 20:54:41 GMT+0000 (UTC)
ליה update the task: להיתלבש to object number: 4 Sat Jan 17 2015 20:54:41 GMT+0000 (UTC)
ליה update the task: להיתקלח to object number: 6 Sat Jan 17 2015 20:54:42 GMT+0000 (UTC)
ליה update the task: להיתארגן to object number: 2 Sat Jan 17 2015 20:54:42 GMT+0000 (UTC)
ליה update the task: לצחצח שיניים to object number: 3 Sat Jan 17 2015 20:54:42 GMT+0000 (UTC)
ליה have been connected successfully  Sat Jan 17 2015 20:54:43 GMT+0000 (UTC)
ליה have been connected successfully  Sat Jan 17 2015 20:54:43 GMT+0000 (UTC)
ליה have been connected successfully  Sat Jan 17 2015 20:54:44 GMT+0000 (UTC)
ליה update the task: להיתארגן to object number: 2 Sat Jan 17 2015 20:54:44 GMT+0000 (UTC)
ליה have been connected successfully  Sat Jan 17 2015 20:54:45 GMT+0000 (UTC)
ליה have been connected successfully  Sat Jan 17 2015 20:54:45 GMT+0000 (UTC)
ליה have been connected successfully  Sat Jan 17 2015 20:54:45 GMT+0000 (UTC)
ליה have been connected successfully  Sat Jan 17 2015 20:54:45 GMT+0000 (UTC)
ליה update the task: להיתארגן to object number: 2 Sat Jan 17 2015 20:55:20 GMT+0000 (UTC)
ליה update the task: לאכול ולקחת ריטלין to object number: 1 Sat Jan 17 2015 20:55:20 GMT+0000 (UTC)
ליה update the task: להיתקלח to object number: 6 Sat Jan 17 2015 20:55:20 GMT+0000 (UTC)
ליה update the task: להיתלבש to object number: 4 Sat Jan 17 2015 20:55:20 GMT+0000 (UTC)
ליה update the task: לצחצח שיניים to object number: 3 Sat Jan 17 2015 20:55:20 GMT+0000 (UTC)
ליה update the task: להיתארגן to object number: 2 Sat Jan 17 2015 20:55:24 GMT+0000 (UTC)
ליה have been connected successfully  Mon Jan 19 2015 08:42:52 GMT+0000 (UTC)
ליה have been connected successfully  Mon Jan 19 2015 08:42:58 GMT+0000 (UTC)
ליה have been connected successfully  Mon Jan 19 2015 12:00:25 GMT+0000 (UTC)
ליה have been connected successfully  Mon Jan 19 2015 12:06:46 GMT+0000 (UTC)
ליה have been connected successfully  Mon Jan 19 2015 14:47:45 GMT+0000 (UTC)
ליה have been connected successfully  Mon Jan 19 2015 16:14:20 GMT+0000 (UTC)
ליה update the task: להיתארגן to object number: null Mon Jan 19 2015 16:15:40 GMT+0000 (UTC)
ליה update the task: לאכול ולקחת ריטלין to object number: 1 Mon Jan 19 2015 16:15:40 GMT+0000 (UTC)
ליה update the task: לצחצח שיניים to object number: 3 Mon Jan 19 2015 16:15:41 GMT+0000 (UTC)
ליה update the task: להיתלבש to object number: 4 Mon Jan 19 2015 16:15:41 GMT+0000 (UTC)
ליה update the task: להתקלח to object number: null Mon Jan 19 2015 16:15:41 GMT+0000 (UTC)
ליה have been connected successfully  Mon Jan 19 2015 16:16:20 GMT+0000 (UTC)
ליה have been connected successfully  Mon Jan 19 2015 21:21:00 GMT+0000 (UTC)
ליה update the task: להיתארגן to object number: 2 Mon Jan 19 2015 21:21:34 GMT+0000 (UTC)
ליה update the task: לאכול ולקחת ריטלין to object number: 1 Mon Jan 19 2015 21:21:34 GMT+0000 (UTC)
ליה update the task: לצחצח שיניים to object number: 3 Mon Jan 19 2015 21:21:34 GMT+0000 (UTC)
ליה update the task: להיתלבש to object number: 4 Mon Jan 19 2015 21:21:34 GMT+0000 (UTC)
ליה update the task: להתקלח to object number: 5 Mon Jan 19 2015 21:21:34 GMT+0000 (UTC)
ליה have been connected successfully  Mon Jan 19 2015 21:22:54 GMT+0000 (UTC)
ליה have been connected successfully  Mon Jan 19 2015 21:23:08 GMT+0000 (UTC)
ליה update the task: לצחצח שיניים to object number: 3 Mon Jan 19 2015 21:23:23 GMT+0000 (UTC)
ליה update the task: להיתלבש to object number: 4 Mon Jan 19 2015 21:23:23 GMT+0000 (UTC)
ליה update the task: להתקלח to object number: 5 Mon Jan 19 2015 21:23:23 GMT+0000 (UTC)
ליה update the task: להיתארגן to object number: 2 Mon Jan 19 2015 21:23:23 GMT+0000 (UTC)
ליה update the task: לאכול ולקחת ריטלין to object number: 1 Mon Jan 19 2015 21:23:23 GMT+0000 (UTC)
ליה update the task: לצחצח שיניים to object number: 3 Mon Jan 19 2015 21:23:35 GMT+0000 (UTC)
ליה update the task: להיתלבש to object number: 4 Mon Jan 19 2015 21:23:35 GMT+0000 (UTC)
ליה update the task: לאכול ולקחת ריטלין to object number: 1 Mon Jan 19 2015 21:23:35 GMT+0000 (UTC)
ליה update the task: להתקלח to object number: 5 Mon Jan 19 2015 21:23:35 GMT+0000 (UTC)
ליה update the task: להיתארגן to object number: 2 Mon Jan 19 2015 21:23:35 GMT+0000 (UTC)
ליה update the task: להיתלבש to object number: 4 Mon Jan 19 2015 21:23:56 GMT+0000 (UTC)
ליה update the task: לאכול ולקחת ריטלין to object number: 1 Mon Jan 19 2015 21:23:56 GMT+0000 (UTC)
ליה update the task: להתקלח to object number: 5 Mon Jan 19 2015 21:23:56 GMT+0000 (UTC)
ליה update the task: לצחצח שיניים to object number: 3 Mon Jan 19 2015 21:23:56 GMT+0000 (UTC)
ליה update the task: להיתארגן to object number: 2 Mon Jan 19 2015 21:23:56 GMT+0000 (UTC)
ליה update the task: לאכול ולקחת ריטלין to object number: 1 Mon Jan 19 2015 21:24:03 GMT+0000 (UTC)
ליה update the task: לצחצח שיניים to object number: 3 Mon Jan 19 2015 21:24:03 GMT+0000 (UTC)
ליה update the task: להיתלבש to object number: 4 Mon Jan 19 2015 21:24:03 GMT+0000 (UTC)
ליה update the task: להיתארגן to object number: 2 Mon Jan 19 2015 21:24:03 GMT+0000 (UTC)
ליה update the task: להיתארגן to object number: 2 Tue Jan 20 2015 21:19:04 GMT+0000 (UTC)
ליה update the task: לאכול ולקחת ריטלין to object number: 1 Tue Jan 20 2015 21:19:04 GMT+0000 (UTC)
ליה update the task: לצחצח שיניים to object number: 3 Tue Jan 20 2015 21:19:04 GMT+0000 (UTC)
ליה update the task: להיתלבש to object number: 4 Tue Jan 20 2015 21:19:04 GMT+0000 (UTC)
ליה have been connected successfully  Thu Jan 22 2015 09:06:08 GMT+0000 (UTC)
ליה have been connected successfully  Thu Jan 22 2015 09:06:21 GMT+0000 (UTC)
ליה update the task: להיתארגן to object number: 2 Thu Jan 22 2015 09:06:43 GMT+0000 (UTC)
ליה update the task: לצחצח שיניים to object number: 3 Thu Jan 22 2015 09:06:43 GMT+0000 (UTC)
ליה update the task: לאכול ולקחת ריטלין to object number: 1 Thu Jan 22 2015 09:06:43 GMT+0000 (UTC)
ליה update the task: להיתלבש to object number: 4 Thu Jan 22 2015 09:06:43 GMT+0000 (UTC)
ליה have been connected successfully  Thu Jan 22 2015 09:23:16 GMT+0000 (UTC)
ליה have been connected successfully  Thu Jan 22 2015 09:23:40 GMT+0000 (UTC)
ליה have been connected successfully  Thu Jan 22 2015 21:20:47 GMT+0000 (UTC)
ליה have been connected successfully  Thu Jan 22 2015 21:20:58 GMT+0000 (UTC)
ליה update the task: להיתארגן to object number: null Thu Jan 22 2015 21:23:32 GMT+0000 (UTC)
ליה update the task: להיתלבש to object number: null Thu Jan 22 2015 21:23:32 GMT+0000 (UTC)
ליה update the task: לצחצח שיניים to object number: null Thu Jan 22 2015 21:23:32 GMT+0000 (UTC)
ליה update the task: לאכול ולקחת ריטלין to object number: null Thu Jan 22 2015 21:23:32 GMT+0000 (UTC)
ליה update the task: לבדוק שיש הכל to object number: null Thu Jan 22 2015 21:23:32 GMT+0000 (UTC)
ליה update the task: להיתארגן to object number: 1 Thu Jan 22 2015 21:24:46 GMT+0000 (UTC)
ליה update the task: להיתלבש to object number: 2 Thu Jan 22 2015 21:24:46 GMT+0000 (UTC)
ליה update the task: לאכול ולקחת ריטלין to object number: 4 Thu Jan 22 2015 21:24:46 GMT+0000 (UTC)
ליה update the task: לבדוק שיש הכל to object number: 5 Thu Jan 22 2015 21:24:46 GMT+0000 (UTC)
ליה update the task: לצחצח שיניים to object number: 3 Thu Jan 22 2015 21:24:46 GMT+0000 (UTC)
ליה have been connected successfully  Fri Jan 23 2015 06:00:08 GMT+0000 (UTC)
ליה have been connected successfully  Fri Jan 23 2015 06:00:21 GMT+0000 (UTC)
ליה update the task: לצחצח שיניים to object number: 3 Fri Jan 23 2015 06:00:31 GMT+0000 (UTC)
ליה update the task: לאכול ולקחת ריטלין to object number: 4 Fri Jan 23 2015 06:00:31 GMT+0000 (UTC)
ליה update the task: לבדוק שיש הכל to object number: 5 Fri Jan 23 2015 06:00:31 GMT+0000 (UTC)
ליה update the task: להיתארגן to object number: 1 Fri Jan 23 2015 06:00:32 GMT+0000 (UTC)
ליה update the task: להיתלבש to object number: 2 Fri Jan 23 2015 06:00:32 GMT+0000 (UTC)
ליה have been connected successfully  Sat Jan 24 2015 21:30:15 GMT+0000 (UTC)
ליה have been connected successfully  Sat Jan 24 2015 21:30:42 GMT+0000 (UTC)
ליה update the task: להיתארגן to object number: 1 Sat Jan 24 2015 21:31:51 GMT+0000 (UTC)
ליה update the task: לבדוק שיש הכל to object number: 5 Sat Jan 24 2015 21:31:51 GMT+0000 (UTC)
ליה update the task: לאכול ולקחת ריטלין to object number: 4 Sat Jan 24 2015 21:31:51 GMT+0000 (UTC)
ליה update the task: להיתלבש to object number: 2 Sat Jan 24 2015 21:31:51 GMT+0000 (UTC)
ליה update the task: לצחצח שיניים to object number: 3 Sat Jan 24 2015 21:31:51 GMT+0000 (UTC)
ליה have been connected successfully  Sat Jan 24 2015 21:32:09 GMT+0000 (UTC)
ליה have been connected successfully  Mon Jan 26 2015 04:55:32 GMT+0000 (UTC)
ליה have been connected successfully  Mon Jan 26 2015 04:55:46 GMT+0000 (UTC)
ליה update the task: לצחצח שיניים to object number: 3 Mon Jan 26 2015 05:57:01 GMT+0000 (UTC)
ליה update the task: לאכול ולקחת ריטלין to object number: 4 Mon Jan 26 2015 05:57:01 GMT+0000 (UTC)
ליה update the task: לבדוק שיש הכל to object number: 5 Mon Jan 26 2015 05:57:01 GMT+0000 (UTC)
ליה update the task: להיתארגן to object number: 1 Mon Jan 26 2015 05:57:02 GMT+0000 (UTC)
ליה update the task: להיתלבש to object number: 2 Mon Jan 26 2015 05:57:02 GMT+0000 (UTC)
ליה update the task: לצחצח שיניים to object number: 3 Mon Jan 26 2015 05:57:02 GMT+0000 (UTC)
ליה update the task: לאכול ולקחת ריטלין to object number: 4 Mon Jan 26 2015 05:57:02 GMT+0000 (UTC)
ליה update the task: לבדוק שיש הכל to object number: 5 Mon Jan 26 2015 05:57:02 GMT+0000 (UTC)
ליה update the task: להיתארגן to object number: 1 Mon Jan 26 2015 05:57:02 GMT+0000 (UTC)
ליה update the task: להיתלבש to object number: 2 Mon Jan 26 2015 05:57:03 GMT+0000 (UTC)
ליה have been connected successfully  Mon Jan 26 2015 05:57:41 GMT+0000 (UTC)
ליה have been connected successfully  Mon Jan 26 2015 21:15:37 GMT+0000 (UTC)
ליה update the task: לבדוק שיש הכל to object number: 5 Mon Jan 26 2015 21:16:22 GMT+0000 (UTC)
ליה update the task: לאכול ולקחת ריטלין to object number: 4 Mon Jan 26 2015 21:16:22 GMT+0000 (UTC)
ליה update the task: להיתארגן to object number: 1 Mon Jan 26 2015 21:16:22 GMT+0000 (UTC)
ליה update the task: לצחצח שיניים to object number: 3 Mon Jan 26 2015 21:16:23 GMT+0000 (UTC)
ליה update the task: להיתלבש to object number: 2 Mon Jan 26 2015 21:16:23 GMT+0000 (UTC)
ליה have been connected successfully  Tue Jan 27 2015 05:28:57 GMT+0000 (UTC)
ליה have been connected successfully  Tue Jan 27 2015 05:29:08 GMT+0000 (UTC)
ליה have been connected successfully  Sat Jan 31 2015 20:40:55 GMT+0000 (UTC)
ליה have been connected successfully  Sat Jan 31 2015 20:41:07 GMT+0000 (UTC)
ליה update the task: לצחצח שיניים to object number: 3 Sat Jan 31 2015 20:41:49 GMT+0000 (UTC)
ליה update the task: לבדוק שיש הכל to object number: 5 Sat Jan 31 2015 20:41:49 GMT+0000 (UTC)
ליה update the task: לאכול ולקחת ריטלין to object number: 4 Sat Jan 31 2015 20:41:49 GMT+0000 (UTC)
ליה update the task: להיתארגן to object number: 1 Sat Jan 31 2015 20:41:49 GMT+0000 (UTC)
ליה update the task: להיתלבש to object number: 2 Sat Jan 31 2015 20:41:50 GMT+0000 (UTC)
ליה have been connected successfully  Sun Feb 01 2015 05:42:25 GMT+0000 (UTC)
ליה have been connected successfully  Sun Feb 01 2015 05:42:38 GMT+0000 (UTC)
ליה have been connected successfully  Wed Feb 04 2015 17:39:42 GMT+0000 (UTC)
ליה have been connected successfully  Wed Feb 04 2015 17:40:23 GMT+0000 (UTC)
ליה have been connected successfully  Wed Feb 04 2015 17:47:48 GMT+0000 (UTC)
ליה have been connected successfully  Thu Feb 05 2015 20:57:25 GMT+0000 (UTC)
ליה have been connected successfully  Thu Feb 05 2015 20:57:35 GMT+0000 (UTC)
ליה update the task: לצחצח שיניים to object number: 3 Thu Feb 05 2015 20:57:45 GMT+0000 (UTC)
ליה update the task: לאכול ולקחת ריטלין to object number: 4 Thu Feb 05 2015 20:57:45 GMT+0000 (UTC)
ליה update the task: לבדוק שיש הכל to object number: 5 Thu Feb 05 2015 20:57:46 GMT+0000 (UTC)
ליה update the task: להיתארגן to object number: 1 Thu Feb 05 2015 20:57:46 GMT+0000 (UTC)
ליה update the task: להיתלבש to object number: 2 Thu Feb 05 2015 20:57:46 GMT+0000 (UTC)
ליה update the task: לצחצח שיניים to object number: 3 Thu Feb 05 2015 20:57:47 GMT+0000 (UTC)
ליה update the task: לאכול ולקחת ריטלין to object number: 4 Thu Feb 05 2015 20:57:47 GMT+0000 (UTC)
ליה update the task: לבדוק שיש הכל to object number: 5 Thu Feb 05 2015 20:57:47 GMT+0000 (UTC)
ליה update the task: להיתארגן to object number: 1 Thu Feb 05 2015 20:57:47 GMT+0000 (UTC)
ליה update the task: להיתלבש to object number: 2 Thu Feb 05 2015 20:57:47 GMT+0000 (UTC)
ליה have been connected successfully  Fri Feb 06 2015 06:04:14 GMT+0000 (UTC)
ליה update the task: לצחצח שיניים to object number: 3 Thu Feb 12 2015 18:26:19 GMT+0000 (UTC)
ליה update the task: לאכול ולקחת ריטלין to object number: 4 Thu Feb 12 2015 18:26:19 GMT+0000 (UTC)
ליה update the task: לבדוק שיש הכל to object number: 5 Thu Feb 12 2015 18:26:20 GMT+0000 (UTC)
ליה update the task: להיתארגן to object number: 1 Thu Feb 12 2015 18:26:20 GMT+0000 (UTC)
ליה update the task: להיתלבש to object number: 2 Thu Feb 12 2015 18:26:20 GMT+0000 (UTC)
ליה have been connected successfully  Tue Feb 17 2015 16:56:16 GMT+0000 (UTC)
ליה have been connected successfully  Tue Feb 17 2015 16:56:57 GMT+0000 (UTC)
ליה have been connected successfully  Tue Feb 17 2015 17:11:01 GMT+0000 (UTC)
ליה have been connected successfully  Tue Feb 17 2015 17:11:13 GMT+0000 (UTC)
ליה update the task: לאכול ולקחת ריטלין to object number: 4 Tue Feb 17 2015 17:11:18 GMT+0000 (UTC)
ליה update the task: לצחצח שיניים to object number: 3 Tue Feb 17 2015 17:11:18 GMT+0000 (UTC)
ליה update the task: לבדוק שיש הכל to object number: 5 Tue Feb 17 2015 17:11:18 GMT+0000 (UTC)
ליה update the task: להיתארגן to object number: 1 Tue Feb 17 2015 17:11:19 GMT+0000 (UTC)
ליה update the task: להיתלבש to object number: 2 Tue Feb 17 2015 17:11:19 GMT+0000 (UTC)
ליה have been connected successfully  Tue Feb 17 2015 17:31:46 GMT+0000 (UTC)
ליה update the task: לצחצח שיניים to object number: 3 Tue Feb 17 2015 17:32:18 GMT+0000 (UTC)
ליה update the task: לאכול ולקחת ריטלין to object number: 4 Tue Feb 17 2015 17:32:19 GMT+0000 (UTC)
ליה update the task: לבדוק שיש הכל to object number: 5 Tue Feb 17 2015 17:32:19 GMT+0000 (UTC)
ליה update the task: להיתארגן to object number: 1 Tue Feb 17 2015 17:32:19 GMT+0000 (UTC)
ליה update the task: להיתלבש to object number: 2 Tue Feb 17 2015 17:32:20 GMT+0000 (UTC)
